Using pre-set license
Built from '2020.3/staging' branch; Version is '2020.3.25f1 (9b9180224418) revision 10195328'; Using compiler version '192528614'; Build Type 'Release'
OS: 'Windows 10  (10.0.19042) 64bit CoreSingleLanguage' Language: 'en' Physical Memory: 7598 MB
BatchMode: 1, IsHumanControllingUs: 0, StartBugReporterOnCrash: 0, Is64bit: 1, IsPro: 0

COMMAND LINE ARGUMENTS:
C:\Program Files\Unity 2020.3.25f1\Editor\Unity.exe
-adb2
-batchMode
-noUpm
-name
AssetImportWorker0
-projectPath
C:/Users/Akshara/Documents/Unity Projects/Train_v2/Train_v2
-logFile
Logs/AssetImportWorker0.log
-srvPort
50202
Successfully changed project path to: C:/Users/Akshara/Documents/Unity Projects/Train_v2/Train_v2
C:/Users/Akshara/Documents/Unity Projects/Train_v2/Train_v2
Using Asset Import Pipeline V2.
Cannot set VR devices because the platform passed isn't supported by Unity.
Cannot set VR devices because the platform passed isn't supported by Unity.
Cannot set VR devices because the platform passed isn't supported by Unity.
Cannot set VR devices because the platform passed isn't supported by Unity.
Cannot set VR devices because the platform passed isn't supported by Unity.
Cannot set VR devices because the platform passed isn't supported by Unity.
Cannot set VR devices because the platform passed isn't supported by Unity.
Cannot set VR devices because the platform passed isn't supported by Unity.
Cannot set VR devices because the platform passed isn't supported by Unity.
Cannot set VR devices because the platform passed isn't supported by Unity.
Cannot set VR devices because the platform passed isn't supported by Unity.
Refreshing native plugins compatible for Editor in 143.65 ms, found 3 plugins.
Preloading 1 native plugins for Editor in 3.72 ms.
Initialize engine version: 2020.3.25f1 (9b9180224418)
[Subsystems] Discovering subsystems at path C:/Program Files/Unity 2020.3.25f1/Editor/Data/Resources/UnitySubsystems
[Subsystems] Discovering subsystems at path C:/Users/Akshara/Documents/Unity Projects/Train_v2/Train_v2/Assets
GfxDevice: creating device client; threaded=0
Direct3D:
    Version:  Direct3D 11.0 [level 11.1]
    Renderer: NVIDIA GeForce RTX 3050 Laptop GPU (ID=0x25a2)
    Vendor:   
    VRAM:     3991 MB
    Driver:   30.0.14.9729
Initialize mono
Mono path[0] = 'C:/Program Files/Unity 2020.3.25f1/Editor/Data/Managed'
Mono path[1] = 'C:/Program Files/Unity 2020.3.25f1/Editor/Data/MonoBleedingEdge/lib/mono/unityjit'
Mono config path = 'C:/Program Files/Unity 2020.3.25f1/Editor/Data/MonoBleedingEdge/etc'
Using monoOptions --debugger-agent=transport=dt_socket,embedding=1,server=y,suspend=n,address=127.0.0.1:56332
Begin MonoManager ReloadAssembly
Registering precompiled unity dll's ...
Register platform support module: C:/Program Files/Unity 2020.3.25f1/Editor/Data/PlaybackEngines/WindowsStandaloneSupport/UnityEditor.WindowsStandalone.Extensions.dll
Registered in 0.004529 seconds.
Native extension for WindowsStandalone target not found
Refreshing native plugins compatible for Editor in 150.05 ms, found 3 plugins.
Preloading 1 native plugins for Editor in 0.10 ms.
Mono: successfully reloaded assembly
- Completed reload, in  1.107 seconds
Domain Reload Profiling:
	ReloadAssembly (1108ms)
		BeginReloadAssembly (89ms)
			ExecutionOrderSort (0ms)
			DisableScriptedObjects (0ms)
			BackupInstance (0ms)
			ReleaseScriptingObjects (0ms)
			CreateAndSetChildDomain (1ms)
		EndReloadAssembly (879ms)
			LoadAssemblies (84ms)
			RebuildTransferFunctionScriptingTraits (0ms)
			SetupTypeCache (269ms)
			ReleaseScriptCaches (0ms)
			RebuildScriptCaches (62ms)
			SetupLoadedEditorAssemblies (367ms)
				LogAssemblyErrors (0ms)
				InitializePlatformSupportModulesInManaged (8ms)
				SetLoadedEditorAssemblies (0ms)
				RefreshPlugins (150ms)
				BeforeProcessingInitializeOnLoad (32ms)
				ProcessInitializeOnLoadAttributes (137ms)
				ProcessInitializeOnLoadMethodAttributes (39ms)
				AfterProcessingInitializeOnLoad (0ms)
				EditorAssembliesLoaded (0ms)
			ExecutionOrderSort2 (0ms)
			AwakeInstancesAfterBackupRestoration (0ms)
Platform modules already initialized, skipping
Registering precompiled user dll's ...
Registered in 0.016700 seconds.
Begin MonoManager ReloadAssembly
Native extension for WindowsStandalone target not found
Refreshing native plugins compatible for Editor in 0.76 ms, found 3 plugins.
Preloading 1 native plugins for Editor in 0.14 ms.
Mono: successfully reloaded assembly
- Completed reload, in  1.730 seconds
Domain Reload Profiling:
	ReloadAssembly (1731ms)
		BeginReloadAssembly (204ms)
			ExecutionOrderSort (0ms)
			DisableScriptedObjects (7ms)
			BackupInstance (0ms)
			ReleaseScriptingObjects (0ms)
			CreateAndSetChildDomain (23ms)
		EndReloadAssembly (1403ms)
			LoadAssemblies (149ms)
			RebuildTransferFunctionScriptingTraits (0ms)
			SetupTypeCache (553ms)
			ReleaseScriptCaches (1ms)
			RebuildScriptCaches (83ms)
			SetupLoadedEditorAssemblies (478ms)
				LogAssemblyErrors (0ms)
				InitializePlatformSupportModulesInManaged (6ms)
				SetLoadedEditorAssemblies (1ms)
				RefreshPlugins (1ms)
				BeforeProcessingInitializeOnLoad (135ms)
				ProcessInitializeOnLoadAttributes (290ms)
				ProcessInitializeOnLoadMethodAttributes (26ms)
				AfterProcessingInitializeOnLoad (19ms)
				EditorAssembliesLoaded (0ms)
			ExecutionOrderSort2 (0ms)
			AwakeInstancesAfterBackupRestoration (10ms)
Platform modules already initialized, skipping
========================================================================
Worker process is ready to serve import requests
Cannot set VR devices because the platform passed isn't supported by Unity.
Cannot set VR devices because the platform passed isn't supported by Unity.
Cannot set VR devices because the platform passed isn't supported by Unity.
Cannot set VR devices because the platform passed isn't supported by Unity.
Cannot set VR devices because the platform passed isn't supported by Unity.
Cannot set VR devices because the platform passed isn't supported by Unity.
Cannot set VR devices because the platform passed isn't supported by Unity.
Cannot set VR devices because the platform passed isn't supported by Unity.
Cannot set VR devices because the platform passed isn't supported by Unity.
Cannot set VR devices because the platform passed isn't supported by Unity.
Cannot set VR devices because the platform passed isn't supported by Unity.
Launched and connected shader compiler UnityShaderCompiler.exe after 0.16 seconds
Refreshing native plugins compatible for Editor in 1.28 ms, found 3 plugins.
Preloading 1 native plugins for Editor in 0.22 ms.
Unloading 1684 Unused Serialized files (Serialized files now loaded: 0)
System memory in use before: 98.7 MB.
System memory in use after: 98.8 MB.

Unloading 39 unused Assets to reduce memory usage. Loaded Objects now: 2119.
Total: 5.231600 ms (FindLiveObjects: 0.212300 ms CreateObjectMapping: 0.086000 ms MarkObjects: 4.800200 ms  DeleteObjects: 0.130900 ms)

AssetImportParameters requested are different than current active one (requested -> active):
  custom:framework-win-MediaFoundation: 216162199b28c13a410421893ffa2e32 -> 
  custom:video-decoder-ogg-theora: a1e56fd34408186e4bbccfd4996cb3dc -> 
  custom:container-muxer-webm: aa71ff27fc2769a1b78a27578f13a17b -> 
  custom:container-demuxer-webm: 4f35f7cbe854078d1ac9338744f61a02 -> 
  custom:container-demuxer-ogg: 62fdf1f143b41e24485cea50d1cbac27 -> 
  custom:video-encoder-webm-vp8: eb34c28f22e8b96e1ab97ce403110664 -> 
  custom:video-codec-MediaFoundation-h265: 746d11721c4dcdbdad8f713fa42b33f4 -> 
  custom:video-decoder-webm-vp8: 9c59270c3fd7afecdb556c50c9e8de78 -> 
  custom:audio-decoder-ogg-vorbis: bf7c407c2cedff20999df2af8eb42d56 -> 
  custom:audio-encoder-webm-vorbis: bf7c407c2cedff20999df2af8eb42d56 -> 
========================================================================
Received Import Request.
  path: Assets/Shipping Container Environment/Prefabs
  artifactKey: Guid(62a51ec07e8c8d6429c29064a760063b) Importer(815301076,1909f56bfc062723c751e8b465ee728b)
Start importing Assets/Shipping Container Environment/Prefabs using Guid(62a51ec07e8c8d6429c29064a760063b) Importer(815301076,1909f56bfc062723c751e8b465ee728b)  -> (artifact id: '41636254bde842cd57e53b35b1c05d83') in 0.007930 seconds 
  Import took 0.012599 seconds .

========================================================================
Received Import Request.
  Time since last request: 0.000454 seconds.
  path: Assets/Shipping Container Environment/Source
  artifactKey: Guid(e04fe01b15004584583564ba3f485937) Importer(815301076,1909f56bfc062723c751e8b465ee728b)
Start importing Assets/Shipping Container Environment/Source using Guid(e04fe01b15004584583564ba3f485937) Importer(815301076,1909f56bfc062723c751e8b465ee728b)  -> (artifact id: '2ae09132cc3cab3a8a9cc2ba1fb74582') in 0.004129 seconds 
  Import took 0.008025 seconds .

========================================================================
Received Import Request.
  Time since last request: 0.000458 seconds.
  path: Assets/Shipping Container Environment
  artifactKey: Guid(eda897fda6ad505469f741d3dcd91b50) Importer(815301076,1909f56bfc062723c751e8b465ee728b)
Start importing Assets/Shipping Container Environment using Guid(eda897fda6ad505469f741d3dcd91b50) Importer(815301076,1909f56bfc062723c751e8b465ee728b)  -> (artifact id: 'a2a92ba989e089aa5027bae447e8c2d1') in 0.005309 seconds 
  Import took 0.009825 seconds .

========================================================================
Received Import Request.
  Time since last request: 0.000356 seconds.
  path: Assets/Shipping Container Environment/Demo
  artifactKey: Guid(e573ddac43e1b6f4bb44e91347496ca6) Importer(815301076,1909f56bfc062723c751e8b465ee728b)
Start importing Assets/Shipping Container Environment/Demo using Guid(e573ddac43e1b6f4bb44e91347496ca6) Importer(815301076,1909f56bfc062723c751e8b465ee728b)  -> (artifact id: 'c4e3a4d6edeb441262b68c3ac69aaffb') in 0.006614 seconds 
  Import took 0.013144 seconds .

========================================================================
Received Import Request.
  Time since last request: 0.598048 seconds.
  path: Assets/Shipping Container Environment/Source/FBX
  artifactKey: Guid(53c2e32f0de98c545b3effd2f349a635) Importer(815301076,1909f56bfc062723c751e8b465ee728b)
Start importing Assets/Shipping Container Environment/Source/FBX using Guid(53c2e32f0de98c545b3effd2f349a635) Importer(815301076,1909f56bfc062723c751e8b465ee728b)  -> (artifact id: '5720b0b338edb652e0b15cceca4741cf') in 0.012402 seconds 
  Import took 0.023596 seconds .

========================================================================
Received Import Request.
  Time since last request: 0.571272 seconds.
  path: Assets/Shipping Container Environment/Source/Textures
  artifactKey: Guid(e967e146ddf7c4c4aad8b69ddb701497) Importer(815301076,1909f56bfc062723c751e8b465ee728b)
Start importing Assets/Shipping Container Environment/Source/Textures using Guid(e967e146ddf7c4c4aad8b69ddb701497) Importer(815301076,1909f56bfc062723c751e8b465ee728b)  -> (artifact id: '1f2eae069421c1dff77564ae13f54b5a') in 0.009597 seconds 
  Import took 0.019946 seconds .

========================================================================
Received Import Request.
  Time since last request: 0.319421 seconds.
  path: Assets/Shipping Container Environment/Source/Textures/containers_diffuse.png
  artifactKey: Guid(102f47365265efe4eb1bcdbf7025d288) Importer(815301076,1909f56bfc062723c751e8b465ee728b)
Start importing Assets/Shipping Container Environment/Source/Textures/containers_diffuse.png using Guid(102f47365265efe4eb1bcdbf7025d288) Importer(815301076,1909f56bfc062723c751e8b465ee728b)  -> (artifact id: 'c9cf1865554c6dca1fa323307d6c07cf') in 0.160843 seconds 
  Import took 0.164573 seconds .

========================================================================
Received Import Request.
  Time since last request: 0.000497 seconds.
  path: Assets/Shipping Container Environment/Source/Textures/items_normals.png
  artifactKey: Guid(cffbad1a2006cb245a8de501c0107304) Importer(815301076,1909f56bfc062723c751e8b465ee728b)
Start importing Assets/Shipping Container Environment/Source/Textures/items_normals.png using Guid(cffbad1a2006cb245a8de501c0107304) Importer(815301076,1909f56bfc062723c751e8b465ee728b)  -> (artifact id: 'be3880955a0ae2d74aad38c51f47a529') in 0.069712 seconds 
  Import took 0.073889 seconds .

========================================================================
Received Import Request.
  Time since last request: 0.000379 seconds.
  path: Assets/Shipping Container Environment/Source/Textures/items_diffuse.png
  artifactKey: Guid(e35781dd55044ee4095ce5d9d9e6aa1e) Importer(815301076,1909f56bfc062723c751e8b465ee728b)
Start importing Assets/Shipping Container Environment/Source/Textures/items_diffuse.png using Guid(e35781dd55044ee4095ce5d9d9e6aa1e) Importer(815301076,1909f56bfc062723c751e8b465ee728b)  -> (artifact id: '7c7f8baefb206c0bb1bceb18ed9659f3') in 0.011941 seconds 
  Import took 0.015870 seconds .

========================================================================
Received Import Request.
  Time since last request: 0.000493 seconds.
  path: Assets/Shipping Container Environment/Source/Textures/containers_normals.png
  artifactKey: Guid(ea16e5017d29d7745944bd82a44fa9c3) Importer(815301076,1909f56bfc062723c751e8b465ee728b)
Start importing Assets/Shipping Container Environment/Source/Textures/containers_normals.png using Guid(ea16e5017d29d7745944bd82a44fa9c3) Importer(815301076,1909f56bfc062723c751e8b465ee728b)  -> (artifact id: '2eb3d829209f2f23e688430a675e1a3e') in 0.012255 seconds 
  Import took 0.015882 seconds .

========================================================================
Received Import Request.
  Time since last request: 45.071364 seconds.
  path: Assets/Shipping Container Environment/Source/Materials
  artifactKey: Guid(6594affc5dadd7248bf756a74ea0f4a2) Importer(815301076,1909f56bfc062723c751e8b465ee728b)
Start importing Assets/Shipping Container Environment/Source/Materials using Guid(6594affc5dadd7248bf756a74ea0f4a2) Importer(815301076,1909f56bfc062723c751e8b465ee728b)  -> (artifact id: '6bf07781b5d242534c22604de6029493') in 0.012227 seconds 
  Import took 0.025057 seconds .

========================================================================
Received Import Request.
  Time since last request: 0.025036 seconds.
  path: Assets/Shipping Container Environment/Source/Materials/containers_diffuse.mat
  artifactKey: Guid(5ad1e7c0fff74ea46aff35c9204a87df) Importer(815301076,1909f56bfc062723c751e8b465ee728b)
Start importing Assets/Shipping Container Environment/Source/Materials/containers_diffuse.mat using Guid(5ad1e7c0fff74ea46aff35c9204a87df) Importer(815301076,1909f56bfc062723c751e8b465ee728b)  -> (artifact id: '36429823c700e73d42db8cf28459431a') in 0.151048 seconds 
  Import took 0.159427 seconds .

========================================================================
Received Import Request.
  Time since last request: 103.088522 seconds.
  path: Assets/Shipping Container Environment/Source/FBX/cardboard_box.fbx
  artifactKey: Guid(227de2a8b8c97874a908dea7ab6f48ec) Importer(815301076,1909f56bfc062723c751e8b465ee728b)
Start importing Assets/Shipping Container Environment/Source/FBX/cardboard_box.fbx using Guid(227de2a8b8c97874a908dea7ab6f48ec) Importer(815301076,1909f56bfc062723c751e8b465ee728b)  -> (artifact id: '36d969f7c98c225549890ea7aaa70e6b') in 0.360668 seconds 
  Import took 0.371850 seconds .

========================================================================
Received Import Request.
  Time since last request: 0.000392 seconds.
  path: Assets/Shipping Container Environment/Source/FBX/shelf_2.fbx
  artifactKey: Guid(87480d5a8012e96459b9ffc728fe048f) Importer(815301076,1909f56bfc062723c751e8b465ee728b)
Start importing Assets/Shipping Container Environment/Source/FBX/shelf_2.fbx using Guid(87480d5a8012e96459b9ffc728fe048f) Importer(815301076,1909f56bfc062723c751e8b465ee728b)  -> (artifact id: 'd22163bf010f82501db6cffeac77480c') in 0.042276 seconds 
  Import took 0.046599 seconds .

========================================================================
Received Import Request.
  Time since last request: 0.000309 seconds.
  path: Assets/Shipping Container Environment/Source/FBX/panel_metal_3.fbx
  artifactKey: Guid(9c5ad0c1ddfbd734fbfc1ad9c68020a6) Importer(815301076,1909f56bfc062723c751e8b465ee728b)
Start importing Assets/Shipping Container Environment/Source/FBX/panel_metal_3.fbx using Guid(9c5ad0c1ddfbd734fbfc1ad9c68020a6) Importer(815301076,1909f56bfc062723c751e8b465ee728b)  -> (artifact id: '4bfcaa863810854388c281b8e8dbe450') in 0.023367 seconds 
  Import took 0.027398 seconds .

========================================================================
Received Import Request.
  Time since last request: 0.000289 seconds.
  path: Assets/Shipping Container Environment/Source/FBX/panel_metal_2.fbx
  artifactKey: Guid(715d972d13bb31145951f3e9a8e4e295) Importer(815301076,1909f56bfc062723c751e8b465ee728b)
Start importing Assets/Shipping Container Environment/Source/FBX/panel_metal_2.fbx using Guid(715d972d13bb31145951f3e9a8e4e295) Importer(815301076,1909f56bfc062723c751e8b465ee728b)  -> (artifact id: '61548035a84f4b6b93bdaeaab7302ed9') in 0.023984 seconds 
  Import took 0.028511 seconds .

========================================================================
Received Import Request.
  Time since last request: 0.000335 seconds.
  path: Assets/Shipping Container Environment/Source/FBX/pallet_stack_2.fbx
  artifactKey: Guid(1ea1dd7ba55665644b829fd18552eeb2) Importer(815301076,1909f56bfc062723c751e8b465ee728b)
Start importing Assets/Shipping Container Environment/Source/FBX/pallet_stack_2.fbx using Guid(1ea1dd7ba55665644b829fd18552eeb2) Importer(815301076,1909f56bfc062723c751e8b465ee728b)  -> (artifact id: '18fa22b6d62f195ec368df6d09553307') in 0.045248 seconds 
  Import took 0.049189 seconds .

========================================================================
Received Import Request.
  Time since last request: 0.000392 seconds.
  path: Assets/Shipping Container Environment/Source/FBX/panel_walkway_1.fbx
  artifactKey: Guid(6693ab9e5fea26744bca021f114f5e73) Importer(815301076,1909f56bfc062723c751e8b465ee728b)
Start importing Assets/Shipping Container Environment/Source/FBX/panel_walkway_1.fbx using Guid(6693ab9e5fea26744bca021f114f5e73) Importer(815301076,1909f56bfc062723c751e8b465ee728b)  -> (artifact id: '06e2f80a667afab8dbf6e8a3c3ec0dac') in 0.031578 seconds 
  Import took 0.036334 seconds .

========================================================================
Received Import Request.
  Time since last request: 0.000539 seconds.
  path: Assets/Shipping Container Environment/Source/FBX/container_1_open.fbx
  artifactKey: Guid(07f84089142468b4c95d1ec59dade219) Importer(815301076,1909f56bfc062723c751e8b465ee728b)
Start importing Assets/Shipping Container Environment/Source/FBX/container_1_open.fbx using Guid(07f84089142468b4c95d1ec59dade219) Importer(815301076,1909f56bfc062723c751e8b465ee728b)  -> (artifact id: '75f350b79d13aa92e039e3ada48f572f') in 0.037960 seconds 
  Import took 0.045697 seconds .

========================================================================
Received Import Request.
  Time since last request: 0.000589 seconds.
  path: Assets/Shipping Container Environment/Source/FBX/cardboard_box_3.fbx
  artifactKey: Guid(8964b46ce38f55f41ba0422b1f894346) Importer(815301076,1909f56bfc062723c751e8b465ee728b)
Start importing Assets/Shipping Container Environment/Source/FBX/cardboard_box_3.fbx using Guid(8964b46ce38f55f41ba0422b1f894346) Importer(815301076,1909f56bfc062723c751e8b465ee728b)  -> (artifact id: '419cc0d6c5a71f9ca8a0813f84e84b6c') in 0.047850 seconds 
  Import took 0.057798 seconds .

========================================================================
Received Import Request.
  Time since last request: 0.000655 seconds.
  path: Assets/Shipping Container Environment/Source/FBX/concrete_slab.fbx
  artifactKey: Guid(bd8f621094ac8434c9f91eb12ca5e7ac) Importer(815301076,1909f56bfc062723c751e8b465ee728b)
Start importing Assets/Shipping Container Environment/Source/FBX/concrete_slab.fbx using Guid(bd8f621094ac8434c9f91eb12ca5e7ac) Importer(815301076,1909f56bfc062723c751e8b465ee728b)  -> (artifact id: '22a9d365cc7a69869046c69800e58855') in 0.049525 seconds 
  Import took 0.058820 seconds .

========================================================================
Received Import Request.
  Time since last request: 0.000571 seconds.
  path: Assets/Shipping Container Environment/Source/FBX/container_4.fbx
  artifactKey: Guid(925eecc5492f1c049b41f8599317acd8) Importer(815301076,1909f56bfc062723c751e8b465ee728b)
Start importing Assets/Shipping Container Environment/Source/FBX/container_4.fbx using Guid(925eecc5492f1c049b41f8599317acd8) Importer(815301076,1909f56bfc062723c751e8b465ee728b)  -> (artifact id: 'cda868a12617034a7ad2881c5d295281') in 0.055478 seconds 
  Import took 0.063468 seconds .

========================================================================
Received Import Request.
  Time since last request: 0.000608 seconds.
  path: Assets/Shipping Container Environment/Source/FBX/light_1.fbx
  artifactKey: Guid(a20778b4d2b73a348955be007d00c7ab) Importer(815301076,1909f56bfc062723c751e8b465ee728b)
Start importing Assets/Shipping Container Environment/Source/FBX/light_1.fbx using Guid(a20778b4d2b73a348955be007d00c7ab) Importer(815301076,1909f56bfc062723c751e8b465ee728b)  -> (artifact id: '2113afcf7e162cfddc3d11b4c38a1a1c') in 0.049085 seconds 
  Import took 0.058368 seconds .

========================================================================
Received Import Request.
  Time since last request: 0.000644 seconds.
  path: Assets/Shipping Container Environment/Source/FBX/pallet_full_1.fbx
  artifactKey: Guid(93b808e9794eed745819a172f1f9f91d) Importer(815301076,1909f56bfc062723c751e8b465ee728b)
Start importing Assets/Shipping Container Environment/Source/FBX/pallet_full_1.fbx using Guid(93b808e9794eed745819a172f1f9f91d) Importer(815301076,1909f56bfc062723c751e8b465ee728b)  -> (artifact id: '6ced94b5c5aebe119c809facbc86382c') in 0.027973 seconds 
  Import took 0.033028 seconds .

========================================================================
Received Import Request.
  Time since last request: 0.000443 seconds.
  path: Assets/Shipping Container Environment/Source/FBX/warehouse_1.fbx
  artifactKey: Guid(8cb72482306e1384297f9e93a392d8bd) Importer(815301076,1909f56bfc062723c751e8b465ee728b)
Start importing Assets/Shipping Container Environment/Source/FBX/warehouse_1.fbx using Guid(8cb72482306e1384297f9e93a392d8bd) Importer(815301076,1909f56bfc062723c751e8b465ee728b)  -> (artifact id: '9cc454472ae9a65e3dc2f350ed8d7351') in 0.033900 seconds 
  Import took 0.039156 seconds .

========================================================================
Received Import Request.
  Time since last request: 0.000373 seconds.
  path: Assets/Shipping Container Environment/Source/FBX/container_3_open.fbx
  artifactKey: Guid(0aedc51402220b149a9e478e78751221) Importer(815301076,1909f56bfc062723c751e8b465ee728b)
Start importing Assets/Shipping Container Environment/Source/FBX/container_3_open.fbx using Guid(0aedc51402220b149a9e478e78751221) Importer(815301076,1909f56bfc062723c751e8b465ee728b)  -> (artifact id: '086ed483666633f9059da0b049b2f636') in 0.029242 seconds 
  Import took 0.035440 seconds .

========================================================================
Received Import Request.
  Time since last request: 0.000487 seconds.
  path: Assets/Shipping Container Environment/Source/FBX/ramp_metal_1.fbx
  artifactKey: Guid(62e7725bd1db93248abb382412a2bf57) Importer(815301076,1909f56bfc062723c751e8b465ee728b)
Start importing Assets/Shipping Container Environment/Source/FBX/ramp_metal_1.fbx using Guid(62e7725bd1db93248abb382412a2bf57) Importer(815301076,1909f56bfc062723c751e8b465ee728b)  -> (artifact id: '605ae98a7f4905fef94745dfcaec5e4a') in 0.035801 seconds 
  Import took 0.041807 seconds .

========================================================================
Received Import Request.
  Time since last request: 0.000849 seconds.
  path: Assets/Shipping Container Environment/Source/FBX/panel_metal_4.fbx
  artifactKey: Guid(d04c6d752a3b0884fb714ef3165d701a) Importer(815301076,1909f56bfc062723c751e8b465ee728b)
Start importing Assets/Shipping Container Environment/Source/FBX/panel_metal_4.fbx using Guid(d04c6d752a3b0884fb714ef3165d701a) Importer(815301076,1909f56bfc062723c751e8b465ee728b)  -> (artifact id: '7a2d7b495df4c5df6deec1c79c2ae102') in 0.059398 seconds 
  Import took 0.065823 seconds .

========================================================================
Received Import Request.
  Time since last request: 0.000613 seconds.
  path: Assets/Shipping Container Environment/Source/FBX/pallet_stack_1.fbx
  artifactKey: Guid(1b768bd003dc33d40bfe0bb7b9d5ff2a) Importer(815301076,1909f56bfc062723c751e8b465ee728b)
Start importing Assets/Shipping Container Environment/Source/FBX/pallet_stack_1.fbx using Guid(1b768bd003dc33d40bfe0bb7b9d5ff2a) Importer(815301076,1909f56bfc062723c751e8b465ee728b)  -> (artifact id: 'e30a6247dd05c75b8c604fca152536a0') in 0.040840 seconds 
  Import took 0.049056 seconds .

========================================================================
Received Import Request.
  Time since last request: 0.000591 seconds.
  path: Assets/Shipping Container Environment/Source/FBX/container_2.fbx
  artifactKey: Guid(33b9cdaebf524cb4db65eed01b659977) Importer(815301076,1909f56bfc062723c751e8b465ee728b)
Start importing Assets/Shipping Container Environment/Source/FBX/container_2.fbx using Guid(33b9cdaebf524cb4db65eed01b659977) Importer(815301076,1909f56bfc062723c751e8b465ee728b)  -> (artifact id: '4fcff4854e8a15568a6666abc5fab18f') in 0.039629 seconds 
  Import took 0.046697 seconds .

========================================================================
Received Import Request.
  Time since last request: 0.000458 seconds.
  path: Assets/Shipping Container Environment/Source/FBX/cardboard_box_2.fbx
  artifactKey: Guid(03721ba822c42564d85f232fd2776f7b) Importer(815301076,1909f56bfc062723c751e8b465ee728b)
Start importing Assets/Shipping Container Environment/Source/FBX/cardboard_box_2.fbx using Guid(03721ba822c42564d85f232fd2776f7b) Importer(815301076,1909f56bfc062723c751e8b465ee728b)  -> (artifact id: 'a0c0627a857e391147225cf2222b2f51') in 0.043280 seconds 
  Import took 0.049383 seconds .

========================================================================
Received Import Request.
  Time since last request: 0.000480 seconds.
  path: Assets/Shipping Container Environment/Source/FBX/container_4_open.fbx
  artifactKey: Guid(9a2f564b8fd99904582bccadb7e21843) Importer(815301076,1909f56bfc062723c751e8b465ee728b)
Start importing Assets/Shipping Container Environment/Source/FBX/container_4_open.fbx using Guid(9a2f564b8fd99904582bccadb7e21843) Importer(815301076,1909f56bfc062723c751e8b465ee728b)  -> (artifact id: '4d88404073ec060a8c22ced061801806') in 0.041586 seconds 
  Import took 0.047809 seconds .

========================================================================
Received Import Request.
  Time since last request: 0.000540 seconds.
  path: Assets/Shipping Container Environment/Source/FBX/light_2.fbx
  artifactKey: Guid(357177e807df75947befd19d7d8a2796) Importer(815301076,1909f56bfc062723c751e8b465ee728b)
Start importing Assets/Shipping Container Environment/Source/FBX/light_2.fbx using Guid(357177e807df75947befd19d7d8a2796) Importer(815301076,1909f56bfc062723c751e8b465ee728b)  -> (artifact id: '28780b7dc439bc21f2288c5744ede4b4') in 0.043254 seconds 
  Import took 0.050145 seconds .

========================================================================
Received Import Request.
  Time since last request: 0.000516 seconds.
  path: Assets/Shipping Container Environment/Source/FBX/panel_walkway_2.fbx
  artifactKey: Guid(402b027b976098b44ade2cc41f421b6d) Importer(815301076,1909f56bfc062723c751e8b465ee728b)
Start importing Assets/Shipping Container Environment/Source/FBX/panel_walkway_2.fbx using Guid(402b027b976098b44ade2cc41f421b6d) Importer(815301076,1909f56bfc062723c751e8b465ee728b)  -> (artifact id: '7928f56f7c0d2e7198f27c31884a035a') in 0.047493 seconds 
  Import took 0.053546 seconds .

========================================================================
Received Import Request.
  Time since last request: 0.000513 seconds.
  path: Assets/Shipping Container Environment/Source/FBX/rail_1.fbx
  artifactKey: Guid(334d85390d5deec4ca8257b333d1ea27) Importer(815301076,1909f56bfc062723c751e8b465ee728b)
Start importing Assets/Shipping Container Environment/Source/FBX/rail_1.fbx using Guid(334d85390d5deec4ca8257b333d1ea27) Importer(815301076,1909f56bfc062723c751e8b465ee728b)  -> (artifact id: 'bb9f494930585ca41b81f17de667cbd6') in 0.042901 seconds 
  Import took 0.052043 seconds .

========================================================================
Received Import Request.
  Time since last request: 0.000557 seconds.
  path: Assets/Shipping Container Environment/Source/FBX/rail_2.fbx
  artifactKey: Guid(22b3ec1000108114e81153143629c667) Importer(815301076,1909f56bfc062723c751e8b465ee728b)
Start importing Assets/Shipping Container Environment/Source/FBX/rail_2.fbx using Guid(22b3ec1000108114e81153143629c667) Importer(815301076,1909f56bfc062723c751e8b465ee728b)  -> (artifact id: '4b1e408f018ebaf1980f1cda42515b0a') in 0.040611 seconds 
  Import took 0.048779 seconds .

========================================================================
Received Import Request.
  Time since last request: 0.000484 seconds.
  path: Assets/Shipping Container Environment/Source/FBX/ladder_2.fbx
  artifactKey: Guid(941fdd19b5c9c5f43b6ead20d58efd05) Importer(815301076,1909f56bfc062723c751e8b465ee728b)
Start importing Assets/Shipping Container Environment/Source/FBX/ladder_2.fbx using Guid(941fdd19b5c9c5f43b6ead20d58efd05) Importer(815301076,1909f56bfc062723c751e8b465ee728b)  -> (artifact id: 'aeaf95403705d8ddfea217501e6dd13b') in 0.032664 seconds 
  Import took 0.037636 seconds .

========================================================================
Received Import Request.
  Time since last request: 0.000473 seconds.
  path: Assets/Shipping Container Environment/Source/FBX/pallet_stack_3.fbx
  artifactKey: Guid(a1db2eecc53e71042b95c8da7f17ce6a) Importer(815301076,1909f56bfc062723c751e8b465ee728b)
Start importing Assets/Shipping Container Environment/Source/FBX/pallet_stack_3.fbx using Guid(a1db2eecc53e71042b95c8da7f17ce6a) Importer(815301076,1909f56bfc062723c751e8b465ee728b)  -> (artifact id: '351c7d1cc7a57654b68e0fcfec47c7a4') in 0.047052 seconds 
  Import took 0.053104 seconds .

========================================================================
Received Import Request.
  Time since last request: 0.000548 seconds.
  path: Assets/Shipping Container Environment/Source/FBX/ladder_1.fbx
  artifactKey: Guid(46e1630dee57a0447b19946b3eb13e2f) Importer(815301076,1909f56bfc062723c751e8b465ee728b)
Start importing Assets/Shipping Container Environment/Source/FBX/ladder_1.fbx using Guid(46e1630dee57a0447b19946b3eb13e2f) Importer(815301076,1909f56bfc062723c751e8b465ee728b)  -> (artifact id: 'f9865c718c9e596246d0626ad1a750ce') in 0.032653 seconds 
  Import took 0.038441 seconds .

========================================================================
Received Import Request.
  Time since last request: 0.000470 seconds.
  path: Assets/Shipping Container Environment/Source/FBX/pallet_1.fbx
  artifactKey: Guid(8e07b9591c3c71e489d511f1061602a8) Importer(815301076,1909f56bfc062723c751e8b465ee728b)
Start importing Assets/Shipping Container Environment/Source/FBX/pallet_1.fbx using Guid(8e07b9591c3c71e489d511f1061602a8) Importer(815301076,1909f56bfc062723c751e8b465ee728b)  -> (artifact id: '1e123c296285acab9444e6b78d7840d1') in 0.044575 seconds 
  Import took 0.050560 seconds .

========================================================================
Received Import Request.
  Time since last request: 0.000549 seconds.
  path: Assets/Shipping Container Environment/Source/FBX/panel_metal_1.fbx
  artifactKey: Guid(1aabefc1b4bbfa4448a73ca64ce1847f) Importer(815301076,1909f56bfc062723c751e8b465ee728b)
Start importing Assets/Shipping Container Environment/Source/FBX/panel_metal_1.fbx using Guid(1aabefc1b4bbfa4448a73ca64ce1847f) Importer(815301076,1909f56bfc062723c751e8b465ee728b)  -> (artifact id: '48bc598d73aad63f4f52937fc4a6f594') in 0.033410 seconds 
  Import took 0.039253 seconds .

========================================================================
Received Import Request.
  Time since last request: 0.000508 seconds.
  path: Assets/Shipping Container Environment/Source/FBX/container_2_open.fbx
  artifactKey: Guid(c9d984721e828ef4a9f1c9ca8b2b0eca) Importer(815301076,1909f56bfc062723c751e8b465ee728b)
Start importing Assets/Shipping Container Environment/Source/FBX/container_2_open.fbx using Guid(c9d984721e828ef4a9f1c9ca8b2b0eca) Importer(815301076,1909f56bfc062723c751e8b465ee728b)  -> (artifact id: '9c103c163e95c805b5082a56fbf8bd14') in 0.035066 seconds 
  Import took 0.041140 seconds .

========================================================================
Received Import Request.
  Time since last request: 0.000570 seconds.
  path: Assets/Shipping Container Environment/Source/FBX/pallet_full_2.fbx
  artifactKey: Guid(8784f37a44cdc9d409f17300816ab395) Importer(815301076,1909f56bfc062723c751e8b465ee728b)
Start importing Assets/Shipping Container Environment/Source/FBX/pallet_full_2.fbx using Guid(8784f37a44cdc9d409f17300816ab395) Importer(815301076,1909f56bfc062723c751e8b465ee728b)  -> (artifact id: '5b0b8b63910e6a89fe0e3737be53ac85') in 0.044878 seconds 
  Import took 0.053244 seconds .

========================================================================
Received Import Request.
  Time since last request: 0.000503 seconds.
  path: Assets/Shipping Container Environment/Source/FBX/container_3.fbx
  artifactKey: Guid(6ef7e7731388c77499f4e3b62b2d6227) Importer(815301076,1909f56bfc062723c751e8b465ee728b)
Start importing Assets/Shipping Container Environment/Source/FBX/container_3.fbx using Guid(6ef7e7731388c77499f4e3b62b2d6227) Importer(815301076,1909f56bfc062723c751e8b465ee728b)  -> (artifact id: '9de439234aaa9932c803e07076a34201') in 0.036994 seconds 
  Import took 0.042979 seconds .

========================================================================
Received Import Request.
  Time since last request: 0.000477 seconds.
  path: Assets/Shipping Container Environment/Source/FBX/container_1.fbx
  artifactKey: Guid(8a63a0eb13fbf3b4cae2817b4d58c35a) Importer(815301076,1909f56bfc062723c751e8b465ee728b)
Start importing Assets/Shipping Container Environment/Source/FBX/container_1.fbx using Guid(8a63a0eb13fbf3b4cae2817b4d58c35a) Importer(815301076,1909f56bfc062723c751e8b465ee728b)  -> (artifact id: '8f1a306fdbdf0293674ab8e89be64eed') in 0.036392 seconds 
  Import took 0.042648 seconds .

========================================================================
Received Import Request.
  Time since last request: 0.000501 seconds.
  path: Assets/Shipping Container Environment/Source/FBX/shelf_1.fbx
  artifactKey: Guid(7a7b465461a8e4146aa38c1d2b19dc35) Importer(815301076,1909f56bfc062723c751e8b465ee728b)
Start importing Assets/Shipping Container Environment/Source/FBX/shelf_1.fbx using Guid(7a7b465461a8e4146aa38c1d2b19dc35) Importer(815301076,1909f56bfc062723c751e8b465ee728b)  -> (artifact id: '0bac1de5ed8a5132ec20a1e36e7d7aee') in 0.040001 seconds 
  Import took 0.047871 seconds .

========================================================================
Received Import Request.
  Time since last request: 0.000581 seconds.
  path: Assets/Shipping Container Environment/Source/FBX/ramp_support_1.fbx
  artifactKey: Guid(456bfdff2ab3ff046ad8d51d6cf6aa03) Importer(815301076,1909f56bfc062723c751e8b465ee728b)
Start importing Assets/Shipping Container Environment/Source/FBX/ramp_support_1.fbx using Guid(456bfdff2ab3ff046ad8d51d6cf6aa03) Importer(815301076,1909f56bfc062723c751e8b465ee728b)  -> (artifact id: '4c6e7a87dd355a74dea4583b07204004') in 0.043182 seconds 
  Import took 0.051398 seconds .

========================================================================
Received Import Request.
  Time since last request: 3.738712 seconds.
  path: Assets/Shipping Container Environment/Source/FBX/Materials
  artifactKey: Guid(031b3da2543221344bca36aa6c61fe1e) Importer(815301076,1909f56bfc062723c751e8b465ee728b)
Start importing Assets/Shipping Container Environment/Source/FBX/Materials using Guid(031b3da2543221344bca36aa6c61fe1e) Importer(815301076,1909f56bfc062723c751e8b465ee728b)  -> (artifact id: '97795701bb1f23d700d54022a55b32b5') in 0.025616 seconds 
  Import took 0.035971 seconds .

========================================================================
Received Import Request.
  Time since last request: 0.000433 seconds.
  path: Assets/Shipping Container Environment/Source/FBX/Materials/containers_diffuse.mat
  artifactKey: Guid(2cfdeecd2ad0f1a4bb980bf7c9bbd751) Importer(815301076,1909f56bfc062723c751e8b465ee728b)
Start importing Assets/Shipping Container Environment/Source/FBX/Materials/containers_diffuse.mat using Guid(2cfdeecd2ad0f1a4bb980bf7c9bbd751) Importer(815301076,1909f56bfc062723c751e8b465ee728b)  -> (artifact id: '3981450e8ace24de9fd4a980d36bc72f') in 0.029714 seconds 
  Import took 0.036268 seconds .

========================================================================
Received Import Request.
  Time since last request: 0.000458 seconds.
  path: Assets/Shipping Container Environment/Source/FBX/Materials/items_diffuse.mat
  artifactKey: Guid(d10eff0ba2c55954fa2bf26f2cb0ca49) Importer(815301076,1909f56bfc062723c751e8b465ee728b)
Start importing Assets/Shipping Container Environment/Source/FBX/Materials/items_diffuse.mat using Guid(d10eff0ba2c55954fa2bf26f2cb0ca49) Importer(815301076,1909f56bfc062723c751e8b465ee728b)  -> (artifact id: '7e8914171e688b5195a710a2f398322d') in 0.027385 seconds 
  Import took 0.033106 seconds .

========================================================================
Received Import Request.
  Time since last request: 117.580873 seconds.
  path: Assets/GoogleVR/DemoScenes/HeadsetDemo/GroundPlane.png
  artifactKey: Guid(ff3cadc67cdc94ee899baae423db68a6) Importer(815301076,1909f56bfc062723c751e8b465ee728b)
Start importing Assets/GoogleVR/DemoScenes/HeadsetDemo/GroundPlane.png using Guid(ff3cadc67cdc94ee899baae423db68a6) Importer(815301076,1909f56bfc062723c751e8b465ee728b)  -> (artifact id: '48c3a01f1e6d66be08d6856794b1ce37') in 0.022396 seconds 
  Import took 0.031589 seconds .

========================================================================
Received Import Request.
  Time since last request: 0.000578 seconds.
  path: Assets/Standard Assets/Effects/LightCookies/Textures/LightSoftCookie.tif
  artifactKey: Guid(8caa437b19957a045866b84c6218a0db) Importer(815301076,1909f56bfc062723c751e8b465ee728b)
Start importing Assets/Standard Assets/Effects/LightCookies/Textures/LightSoftCookie.tif using Guid(8caa437b19957a045866b84c6218a0db) Importer(815301076,1909f56bfc062723c751e8b465ee728b)  -> (artifact id: 'dd7e0884c425ca9f54806e074dc968ec') in 0.055785 seconds 
  Import took 0.061486 seconds .

========================================================================
Received Import Request.
  Time since last request: 0.000393 seconds.
  path: Assets/GoogleVR/DemoScenes/ControllerDemo/GroundPlaneTranslucent.png
  artifactKey: Guid(30eac3c5426674dd2bae6f058cd85ce5) Importer(815301076,1909f56bfc062723c751e8b465ee728b)
Start importing Assets/GoogleVR/DemoScenes/ControllerDemo/GroundPlaneTranslucent.png using Guid(30eac3c5426674dd2bae6f058cd85ce5) Importer(815301076,1909f56bfc062723c751e8b465ee728b)  -> (artifact id: 'd08951531d828f7db4518bde08485b10') in 0.021850 seconds 
  Import took 0.026447 seconds .

========================================================================
Received Import Request.
  Time since last request: 0.000348 seconds.
  path: Assets/Low Poly Free Vegetation Kit/Textures/Pine Tree Branch.png
  artifactKey: Guid(eef8afe969073cd4d9cfb6cc540b93aa) Importer(815301076,1909f56bfc062723c751e8b465ee728b)
Start importing Assets/Low Poly Free Vegetation Kit/Textures/Pine Tree Branch.png using Guid(eef8afe969073cd4d9cfb6cc540b93aa) Importer(815301076,1909f56bfc062723c751e8b465ee728b)  -> (artifact id: '5230e11a20af498381a41b0e19c65b56') in 0.019016 seconds 
  Import took 0.023761 seconds .

========================================================================
Received Import Request.
  Time since last request: 4.270850 seconds.
  path: Assets/Low Poly Free Vegetation Kit/Textures/Grass.png
  artifactKey: Guid(39caea544382b0341be6de6e97b8114d) Importer(815301076,1909f56bfc062723c751e8b465ee728b)
Start importing Assets/Low Poly Free Vegetation Kit/Textures/Grass.png using Guid(39caea544382b0341be6de6e97b8114d) Importer(815301076,1909f56bfc062723c751e8b465ee728b)  -> (artifact id: '0cd9478f6e28e3d705ed908795dcee9a') in 0.030515 seconds 
  Import took 0.035474 seconds .

========================================================================
Received Import Request.
  Time since last request: 1.596347 seconds.
  path: Assets/Low Poly Free Vegetation Kit/Textures/Color Pallet.png
  artifactKey: Guid(3a3ec579ae0a6cd458d30670586415b5) Importer(815301076,1909f56bfc062723c751e8b465ee728b)
Start importing Assets/Low Poly Free Vegetation Kit/Textures/Color Pallet.png using Guid(3a3ec579ae0a6cd458d30670586415b5) Importer(815301076,1909f56bfc062723c751e8b465ee728b)  -> (artifact id: 'b5d88f785527cc169c9f9027888d09ac') in 0.028102 seconds 
  Import took 0.037829 seconds .

========================================================================
Received Import Request.
  Time since last request: 48.784254 seconds.
  path: Assets/Shipping Container Environment/Prefabs/Containers
  artifactKey: Guid(cfb3fb4414de168469557eeed5d73f17) Importer(815301076,1909f56bfc062723c751e8b465ee728b)
Start importing Assets/Shipping Container Environment/Prefabs/Containers using Guid(cfb3fb4414de168469557eeed5d73f17) Importer(815301076,1909f56bfc062723c751e8b465ee728b)  -> (artifact id: '8f19efa2e8775c9b498d5c234c4e872c') in 0.009689 seconds 
  Import took 0.014117 seconds .

========================================================================
Received Import Request.
  Time since last request: 0.009797 seconds.
  path: Assets/Shipping Container Environment/Prefabs/Containers/container_1.prefab
  artifactKey: Guid(475be309a5a5d23408e6d154eb364bf0) Importer(815301076,1909f56bfc062723c751e8b465ee728b)
Start importing Assets/Shipping Container Environment/Prefabs/Containers/container_1.prefab using Guid(475be309a5a5d23408e6d154eb364bf0) Importer(815301076,1909f56bfc062723c751e8b465ee728b)  -> (artifact id: '1b82f0123d0137b2ec7699a9bb09af7f') in 0.025193 seconds 
  Import took 0.030327 seconds .

========================================================================
Received Import Request.
  Time since last request: 0.000363 seconds.
  path: Assets/Shipping Container Environment/Prefabs/Containers/container_4_open.prefab
  artifactKey: Guid(a7c256481f5591c4b9c72967425d2191) Importer(815301076,1909f56bfc062723c751e8b465ee728b)
Start importing Assets/Shipping Container Environment/Prefabs/Containers/container_4_open.prefab using Guid(a7c256481f5591c4b9c72967425d2191) Importer(815301076,1909f56bfc062723c751e8b465ee728b)  -> (artifact id: '0183b4f9f8a32e7fd5ba62070736d698') in 0.020942 seconds 
  Import took 0.025087 seconds .

========================================================================
Received Import Request.
  Time since last request: 0.000312 seconds.
  path: Assets/Shipping Container Environment/Prefabs/Containers/container_1_open.prefab
  artifactKey: Guid(e224291b938a3014991f1a9376c045b6) Importer(815301076,1909f56bfc062723c751e8b465ee728b)
Start importing Assets/Shipping Container Environment/Prefabs/Containers/container_1_open.prefab using Guid(e224291b938a3014991f1a9376c045b6) Importer(815301076,1909f56bfc062723c751e8b465ee728b)  -> (artifact id: '8da83b652cff06f3599002add11511d1') in 0.033343 seconds 
  Import took 0.038044 seconds .

========================================================================
Received Import Request.
  Time since last request: 0.000373 seconds.
  path: Assets/Shipping Container Environment/Prefabs/Containers/container_4.prefab
  artifactKey: Guid(e70c474afb6054a4b901eb1ae9f5a94b) Importer(815301076,1909f56bfc062723c751e8b465ee728b)
Start importing Assets/Shipping Container Environment/Prefabs/Containers/container_4.prefab using Guid(e70c474afb6054a4b901eb1ae9f5a94b) Importer(815301076,1909f56bfc062723c751e8b465ee728b)  -> (artifact id: 'c8b8cd0c5ed857f9a32ab35e894115b9') in 0.023339 seconds 
  Import took 0.028103 seconds .

========================================================================
Received Import Request.
  Time since last request: 0.000388 seconds.
  path: Assets/Shipping Container Environment/Prefabs/Containers/container_2.prefab
  artifactKey: Guid(c622a59feed75aa4d97902d64ed9c5b6) Importer(815301076,1909f56bfc062723c751e8b465ee728b)
Start importing Assets/Shipping Container Environment/Prefabs/Containers/container_2.prefab using Guid(c622a59feed75aa4d97902d64ed9c5b6) Importer(815301076,1909f56bfc062723c751e8b465ee728b)  -> (artifact id: 'eab3678c71b10807e9f9440598862bcb') in 0.020083 seconds 
  Import took 0.023919 seconds .

========================================================================
Received Import Request.
  Time since last request: 0.000447 seconds.
  path: Assets/Shipping Container Environment/Prefabs/Containers/container_3.prefab
  artifactKey: Guid(fa7109f2b1223984d91652c2b463eb51) Importer(815301076,1909f56bfc062723c751e8b465ee728b)
Start importing Assets/Shipping Container Environment/Prefabs/Containers/container_3.prefab using Guid(fa7109f2b1223984d91652c2b463eb51) Importer(815301076,1909f56bfc062723c751e8b465ee728b)  -> (artifact id: 'f3e7e3f18ee6f4e94f5bd22585771e8c') in 0.019810 seconds 
  Import took 0.023669 seconds .

========================================================================
Received Import Request.
  Time since last request: 0.000360 seconds.
  path: Assets/Shipping Container Environment/Prefabs/Containers/container_2_open.prefab
  artifactKey: Guid(0cfeb704c08899444b5c5d532f10e590) Importer(815301076,1909f56bfc062723c751e8b465ee728b)
Start importing Assets/Shipping Container Environment/Prefabs/Containers/container_2_open.prefab using Guid(0cfeb704c08899444b5c5d532f10e590) Importer(815301076,1909f56bfc062723c751e8b465ee728b)  -> (artifact id: '91e8266f370914fee09bf9987dd28d4e') in 0.020591 seconds 
  Import took 0.025093 seconds .

========================================================================
Received Import Request.
  Time since last request: 0.000337 seconds.
  path: Assets/Shipping Container Environment/Prefabs/Containers/container_3_open.prefab
  artifactKey: Guid(b9fb3feb2b97c9342a38f92f918d5341) Importer(815301076,1909f56bfc062723c751e8b465ee728b)
Start importing Assets/Shipping Container Environment/Prefabs/Containers/container_3_open.prefab using Guid(b9fb3feb2b97c9342a38f92f918d5341) Importer(815301076,1909f56bfc062723c751e8b465ee728b)  -> (artifact id: '98e1dde0c0cb123de0f333c962390f12') in 0.019091 seconds 
  Import took 0.024017 seconds .

========================================================================
Received Import Request.
  Time since last request: 2.432126 seconds.
  path: Assets/Shipping Container Environment/Prefabs/Props
  artifactKey: Guid(d8183b33e67ca754b911465496ef6f4f) Importer(815301076,1909f56bfc062723c751e8b465ee728b)
Start importing Assets/Shipping Container Environment/Prefabs/Props using Guid(d8183b33e67ca754b911465496ef6f4f) Importer(815301076,1909f56bfc062723c751e8b465ee728b)  -> (artifact id: 'f5de87e94a1625c2d04e855c683ac0ff') in 0.012748 seconds 
  Import took 0.023684 seconds .

========================================================================
Received Import Request.
  Time since last request: 0.309536 seconds.
  path: Assets/Shipping Container Environment/Prefabs/Props/cardboard_box.prefab
  artifactKey: Guid(1415864e30878644080e5b3b32b16a5e) Importer(815301076,1909f56bfc062723c751e8b465ee728b)
Start importing Assets/Shipping Container Environment/Prefabs/Props/cardboard_box.prefab using Guid(1415864e30878644080e5b3b32b16a5e) Importer(815301076,1909f56bfc062723c751e8b465ee728b)  -> (artifact id: '36e2b542016e5861f2ea7503598fc45e') in 0.020635 seconds 
  Import took 0.024346 seconds .

========================================================================
Received Import Request.
  Time since last request: 0.000347 seconds.
  path: Assets/Shipping Container Environment/Prefabs/Props/pallet_full_2.prefab
  artifactKey: Guid(b29625256622657449753138ea2823d4) Importer(815301076,1909f56bfc062723c751e8b465ee728b)
Start importing Assets/Shipping Container Environment/Prefabs/Props/pallet_full_2.prefab using Guid(b29625256622657449753138ea2823d4) Importer(815301076,1909f56bfc062723c751e8b465ee728b)  -> (artifact id: 'da644ef42f806f1be03510132b30fb38') in 0.017137 seconds 
  Import took 0.020875 seconds .

========================================================================
Received Import Request.
  Time since last request: 0.000287 seconds.
  path: Assets/Shipping Container Environment/Prefabs/Props/ladder_1.prefab
  artifactKey: Guid(6b66396436da6e0498715d9ea534b50f) Importer(815301076,1909f56bfc062723c751e8b465ee728b)
Start importing Assets/Shipping Container Environment/Prefabs/Props/ladder_1.prefab using Guid(6b66396436da6e0498715d9ea534b50f) Importer(815301076,1909f56bfc062723c751e8b465ee728b)  -> (artifact id: '12eb19dfb54692b1da1866c64419281f') in 0.026577 seconds 
  Import took 0.031204 seconds .

========================================================================
Received Import Request.
  Time since last request: 0.000399 seconds.
  path: Assets/Shipping Container Environment/Prefabs/Props/pallet_stack_1.prefab
  artifactKey: Guid(f1e855f1b1fa0a14b9e503a36149f741) Importer(815301076,1909f56bfc062723c751e8b465ee728b)
Start importing Assets/Shipping Container Environment/Prefabs/Props/pallet_stack_1.prefab using Guid(f1e855f1b1fa0a14b9e503a36149f741) Importer(815301076,1909f56bfc062723c751e8b465ee728b)  -> (artifact id: 'bfe22ea431dc5255f94c90f017b7cc66') in 0.020379 seconds 
  Import took 0.024972 seconds .

========================================================================
Received Import Request.
  Time since last request: 0.000319 seconds.
  path: Assets/Shipping Container Environment/Prefabs/Props/pallet_1.prefab
  artifactKey: Guid(52fce426132f1df45bebb4d7f3471a55) Importer(815301076,1909f56bfc062723c751e8b465ee728b)
Start importing Assets/Shipping Container Environment/Prefabs/Props/pallet_1.prefab using Guid(52fce426132f1df45bebb4d7f3471a55) Importer(815301076,1909f56bfc062723c751e8b465ee728b)  -> (artifact id: '46caad6d6e790e607ec28286b830608d') in 0.017984 seconds 
  Import took 0.021432 seconds .

========================================================================
Received Import Request.
  Time since last request: 0.000332 seconds.
  path: Assets/Shipping Container Environment/Prefabs/Props/ladder_2.prefab
  artifactKey: Guid(b40086a0a8028e24699d3052aa297fea) Importer(815301076,1909f56bfc062723c751e8b465ee728b)
Start importing Assets/Shipping Container Environment/Prefabs/Props/ladder_2.prefab using Guid(b40086a0a8028e24699d3052aa297fea) Importer(815301076,1909f56bfc062723c751e8b465ee728b)  -> (artifact id: '3e487b2ed412e551b7dcab5c505b72fb') in 0.016349 seconds 
  Import took 0.020211 seconds .

========================================================================
Received Import Request.
  Time since last request: 0.000351 seconds.
  path: Assets/Shipping Container Environment/Prefabs/Props/light_1.prefab
  artifactKey: Guid(658b419d179b7234bad1a86254684f4d) Importer(815301076,1909f56bfc062723c751e8b465ee728b)
Start importing Assets/Shipping Container Environment/Prefabs/Props/light_1.prefab using Guid(658b419d179b7234bad1a86254684f4d) Importer(815301076,1909f56bfc062723c751e8b465ee728b)  -> (artifact id: 'c95ef04b7015699de30a3e3db3262537') in 0.025411 seconds 
  Import took 0.029496 seconds .

========================================================================
Received Import Request.
  Time since last request: 0.000551 seconds.
  path: Assets/Shipping Container Environment/Prefabs/Props/cardboard_box_2.prefab
  artifactKey: Guid(6cb002f2d6ce18a4abfddcc3ff8ab902) Importer(815301076,1909f56bfc062723c751e8b465ee728b)
Start importing Assets/Shipping Container Environment/Prefabs/Props/cardboard_box_2.prefab using Guid(6cb002f2d6ce18a4abfddcc3ff8ab902) Importer(815301076,1909f56bfc062723c751e8b465ee728b)  -> (artifact id: '17db28fb74fc980fcb36a2cff29aff47') in 0.021382 seconds 
  Import took 0.026485 seconds .

========================================================================
Received Import Request.
  Time since last request: 0.000471 seconds.
  path: Assets/Shipping Container Environment/Prefabs/Props/cardboard_box_3.prefab
  artifactKey: Guid(d9d0b94e07ba4ef428a59bef8ddbd9c7) Importer(815301076,1909f56bfc062723c751e8b465ee728b)
Start importing Assets/Shipping Container Environment/Prefabs/Props/cardboard_box_3.prefab using Guid(d9d0b94e07ba4ef428a59bef8ddbd9c7) Importer(815301076,1909f56bfc062723c751e8b465ee728b)  -> (artifact id: '36551a257356973f3f1dd30eafbc976b') in 0.020251 seconds 
  Import took 0.026157 seconds .

========================================================================
Received Import Request.
  Time since last request: 0.000508 seconds.
  path: Assets/Shipping Container Environment/Prefabs/Props/light_2.prefab
  artifactKey: Guid(2e4c3dc6ae750e945a80088f10b09603) Importer(815301076,1909f56bfc062723c751e8b465ee728b)
Start importing Assets/Shipping Container Environment/Prefabs/Props/light_2.prefab using Guid(2e4c3dc6ae750e945a80088f10b09603) Importer(815301076,1909f56bfc062723c751e8b465ee728b)  -> (artifact id: '3e0187ccd6dd5e83b37286d0156e041b') in 0.014820 seconds 
  Import took 0.019657 seconds .

========================================================================
Received Import Request.
  Time since last request: 0.000579 seconds.
  path: Assets/Shipping Container Environment/Prefabs/Props/pallet_full_1.prefab
  artifactKey: Guid(d91a395a2c7183e4c893bfa8ba15e779) Importer(815301076,1909f56bfc062723c751e8b465ee728b)
Start importing Assets/Shipping Container Environment/Prefabs/Props/pallet_full_1.prefab using Guid(d91a395a2c7183e4c893bfa8ba15e779) Importer(815301076,1909f56bfc062723c751e8b465ee728b)  -> (artifact id: 'aacf6c1f2efd83a7645f49ed3b60e5a0') in 0.019878 seconds 
  Import took 0.026247 seconds .

========================================================================
Received Import Request.
  Time since last request: 0.000302 seconds.
  path: Assets/Shipping Container Environment/Prefabs/Props/pallet_stack_3.prefab
  artifactKey: Guid(a30398b09595b56479026c72dc6f8169) Importer(815301076,1909f56bfc062723c751e8b465ee728b)
Start importing Assets/Shipping Container Environment/Prefabs/Props/pallet_stack_3.prefab using Guid(a30398b09595b56479026c72dc6f8169) Importer(815301076,1909f56bfc062723c751e8b465ee728b)  -> (artifact id: 'cb647220b7e1021e2417576eed1a286f') in 0.015772 seconds 
  Import took 0.019948 seconds .

========================================================================
Received Import Request.
  Time since last request: 0.000601 seconds.
  path: Assets/Shipping Container Environment/Prefabs/Props/pallet_stack_2.prefab
  artifactKey: Guid(94839c219e848e44ca409c12b69fb396) Importer(815301076,1909f56bfc062723c751e8b465ee728b)
Start importing Assets/Shipping Container Environment/Prefabs/Props/pallet_stack_2.prefab using Guid(94839c219e848e44ca409c12b69fb396) Importer(815301076,1909f56bfc062723c751e8b465ee728b)  -> (artifact id: '78d204286ea3fe19b4bd765f23788395') in 0.018636 seconds 
  Import took 0.023406 seconds .

========================================================================
Received Import Request.
  Time since last request: 2.329108 seconds.
  path: Assets/Shipping Container Environment/Prefabs/Structures
  artifactKey: Guid(fd828e5c96323734b851329de16f1bcc) Importer(815301076,1909f56bfc062723c751e8b465ee728b)
Start importing Assets/Shipping Container Environment/Prefabs/Structures using Guid(fd828e5c96323734b851329de16f1bcc) Importer(815301076,1909f56bfc062723c751e8b465ee728b)  -> (artifact id: '8693278d1a718b30c6a7217873af6792') in 0.017379 seconds 
  Import took 0.027843 seconds .

========================================================================
Received Import Request.
  Time since last request: 0.292636 seconds.
  path: Assets/Shipping Container Environment/Prefabs/Structures/concrete_slab.prefab
  artifactKey: Guid(f68965898cc46c14f80d13c3485b2219) Importer(815301076,1909f56bfc062723c751e8b465ee728b)
Start importing Assets/Shipping Container Environment/Prefabs/Structures/concrete_slab.prefab using Guid(f68965898cc46c14f80d13c3485b2219) Importer(815301076,1909f56bfc062723c751e8b465ee728b)  -> (artifact id: '01d783f5b79af7dbc35a8b0c446cdf7c') in 0.023608 seconds 
  Import took 0.029020 seconds .

========================================================================
Received Import Request.
  Time since last request: 0.000591 seconds.
  path: Assets/Shipping Container Environment/Prefabs/Structures/rail_2.prefab
  artifactKey: Guid(997a5cb6c5f4dd04fab320a8e88267c3) Importer(815301076,1909f56bfc062723c751e8b465ee728b)
Start importing Assets/Shipping Container Environment/Prefabs/Structures/rail_2.prefab using Guid(997a5cb6c5f4dd04fab320a8e88267c3) Importer(815301076,1909f56bfc062723c751e8b465ee728b)  -> (artifact id: '1bfc0d7cbbea39eb7901adbf3bbb8bfe') in 0.026792 seconds 
  Import took 0.033854 seconds .

========================================================================
Received Import Request.
  Time since last request: 0.000404 seconds.
  path: Assets/Shipping Container Environment/Prefabs/Structures/shelf_2.prefab
  artifactKey: Guid(1b847fd2201e94c40b39ba9e89726139) Importer(815301076,1909f56bfc062723c751e8b465ee728b)
Start importing Assets/Shipping Container Environment/Prefabs/Structures/shelf_2.prefab using Guid(1b847fd2201e94c40b39ba9e89726139) Importer(815301076,1909f56bfc062723c751e8b465ee728b)  -> (artifact id: '8a5fa8881d787334ad87cab6cbb2bcf8') in 0.029187 seconds 
  Import took 0.036203 seconds .

========================================================================
Received Import Request.
  Time since last request: 0.000472 seconds.
  path: Assets/Shipping Container Environment/Prefabs/Structures/panel_walkway_1.prefab
  artifactKey: Guid(75d4100ce46faef4e8a65afd1ee806e6) Importer(815301076,1909f56bfc062723c751e8b465ee728b)
Start importing Assets/Shipping Container Environment/Prefabs/Structures/panel_walkway_1.prefab using Guid(75d4100ce46faef4e8a65afd1ee806e6) Importer(815301076,1909f56bfc062723c751e8b465ee728b)  -> (artifact id: '6a8f81dc4ddecff93543b647bbb5e46b') in 0.020650 seconds 
  Import took 0.025945 seconds .

========================================================================
Received Import Request.
  Time since last request: 0.000393 seconds.
  path: Assets/Shipping Container Environment/Prefabs/Structures/ramp_metal_1.prefab
  artifactKey: Guid(0a834b09089672e488c172dc68d53d03) Importer(815301076,1909f56bfc062723c751e8b465ee728b)
Start importing Assets/Shipping Container Environment/Prefabs/Structures/ramp_metal_1.prefab using Guid(0a834b09089672e488c172dc68d53d03) Importer(815301076,1909f56bfc062723c751e8b465ee728b)  -> (artifact id: '160eb1d393363ba7a7d8a95d5a6a5524') in 0.026450 seconds 
  Import took 0.031840 seconds .

========================================================================
Received Import Request.
  Time since last request: 0.000344 seconds.
  path: Assets/Shipping Container Environment/Prefabs/Structures/warehouse_1.prefab
  artifactKey: Guid(200eb9d623905304fbab647f0852b706) Importer(815301076,1909f56bfc062723c751e8b465ee728b)
Start importing Assets/Shipping Container Environment/Prefabs/Structures/warehouse_1.prefab using Guid(200eb9d623905304fbab647f0852b706) Importer(815301076,1909f56bfc062723c751e8b465ee728b)  -> (artifact id: '6e253efab9b2af14031dbaea2d4b961a') in 0.026922 seconds 
  Import took 0.033608 seconds .

========================================================================
Received Import Request.
  Time since last request: 0.000343 seconds.
  path: Assets/Shipping Container Environment/Prefabs/Structures/ramp_support_1.prefab
  artifactKey: Guid(74da09657127d824ba48e147553447bd) Importer(815301076,1909f56bfc062723c751e8b465ee728b)
Start importing Assets/Shipping Container Environment/Prefabs/Structures/ramp_support_1.prefab using Guid(74da09657127d824ba48e147553447bd) Importer(815301076,1909f56bfc062723c751e8b465ee728b)  -> (artifact id: 'a057300db7f505772acaf62323635564') in 0.019211 seconds 
  Import took 0.023901 seconds .

========================================================================
Received Import Request.
  Time since last request: 0.000338 seconds.
  path: Assets/Shipping Container Environment/Prefabs/Structures/panel_metal_4.prefab
  artifactKey: Guid(28b9aaf4a164fea4a94d7014ab993c1b) Importer(815301076,1909f56bfc062723c751e8b465ee728b)
Start importing Assets/Shipping Container Environment/Prefabs/Structures/panel_metal_4.prefab using Guid(28b9aaf4a164fea4a94d7014ab993c1b) Importer(815301076,1909f56bfc062723c751e8b465ee728b)  -> (artifact id: '68294592c403fab23fcc03c301481c44') in 0.025182 seconds 
  Import took 0.029692 seconds .

========================================================================
Received Import Request.
  Time since last request: 0.000611 seconds.
  path: Assets/Shipping Container Environment/Prefabs/Structures/panel_metal_1.prefab
  artifactKey: Guid(6301273c6e81359458257b63d3a33822) Importer(815301076,1909f56bfc062723c751e8b465ee728b)
Start importing Assets/Shipping Container Environment/Prefabs/Structures/panel_metal_1.prefab using Guid(6301273c6e81359458257b63d3a33822) Importer(815301076,1909f56bfc062723c751e8b465ee728b)  -> (artifact id: 'da323135074d6a287aec9175937ed77f') in 0.023558 seconds 
  Import took 0.029712 seconds .

========================================================================
Received Import Request.
  Time since last request: 0.000354 seconds.
  path: Assets/Shipping Container Environment/Prefabs/Structures/panel_metal_3.prefab
  artifactKey: Guid(be3bdfad5aa1af74993e8351e370db7d) Importer(815301076,1909f56bfc062723c751e8b465ee728b)
Start importing Assets/Shipping Container Environment/Prefabs/Structures/panel_metal_3.prefab using Guid(be3bdfad5aa1af74993e8351e370db7d) Importer(815301076,1909f56bfc062723c751e8b465ee728b)  -> (artifact id: 'd2128e6c9ba5f6ffa6dd72a4bba9419f') in 0.024383 seconds 
  Import took 0.028807 seconds .

========================================================================
Received Import Request.
  Time since last request: 0.000424 seconds.
  path: Assets/Shipping Container Environment/Prefabs/Structures/panel_metal_2.prefab
  artifactKey: Guid(ecb92471f13751f498e4be63c852c295) Importer(815301076,1909f56bfc062723c751e8b465ee728b)
Start importing Assets/Shipping Container Environment/Prefabs/Structures/panel_metal_2.prefab using Guid(ecb92471f13751f498e4be63c852c295) Importer(815301076,1909f56bfc062723c751e8b465ee728b)  -> (artifact id: '1e3c2f5d6442f6b6d3b4045f57d03fd5') in 0.025196 seconds 
  Import took 0.029982 seconds .

========================================================================
Received Import Request.
  Time since last request: 0.000392 seconds.
  path: Assets/Shipping Container Environment/Prefabs/Structures/rail_1.prefab
  artifactKey: Guid(6fd0b752ca76f8240ab827f860a7722a) Importer(815301076,1909f56bfc062723c751e8b465ee728b)
Start importing Assets/Shipping Container Environment/Prefabs/Structures/rail_1.prefab using Guid(6fd0b752ca76f8240ab827f860a7722a) Importer(815301076,1909f56bfc062723c751e8b465ee728b)  -> (artifact id: 'b699a69c4dd0cb305cdaf3a2f5a82840') in 0.022431 seconds 
  Import took 0.027515 seconds .

========================================================================
Received Import Request.
  Time since last request: 0.000469 seconds.
  path: Assets/Shipping Container Environment/Prefabs/Structures/shelf_1.prefab
  artifactKey: Guid(355ac3a00e9e88749aa1c18a7dccddf1) Importer(815301076,1909f56bfc062723c751e8b465ee728b)
Start importing Assets/Shipping Container Environment/Prefabs/Structures/shelf_1.prefab using Guid(355ac3a00e9e88749aa1c18a7dccddf1) Importer(815301076,1909f56bfc062723c751e8b465ee728b)  -> (artifact id: '3a8f28b91540c8e2121e5d0de177b123') in 0.021752 seconds 
  Import took 0.026959 seconds .

========================================================================
Received Import Request.
  Time since last request: 0.000460 seconds.
  path: Assets/Shipping Container Environment/Prefabs/Structures/panel_walkway_2.prefab
  artifactKey: Guid(94bb9cb1cecab114190b5057394c9321) Importer(815301076,1909f56bfc062723c751e8b465ee728b)
Start importing Assets/Shipping Container Environment/Prefabs/Structures/panel_walkway_2.prefab using Guid(94bb9cb1cecab114190b5057394c9321) Importer(815301076,1909f56bfc062723c751e8b465ee728b)  -> (artifact id: '8bda6fe7864f3e79080340941e68d9d0') in 0.024816 seconds 
  Import took 0.029528 seconds .

========================================================================
Received Import Request.
  Time since last request: 271.292335 seconds.
  path: Assets/Player.cs
  artifactKey: Guid(ec51bb58b37494080880eccf3112ff67) Importer(815301076,1909f56bfc062723c751e8b465ee728b)
Start importing Assets/Player.cs using Guid(ec51bb58b37494080880eccf3112ff67) Importer(815301076,1909f56bfc062723c751e8b465ee728b)  -> (artifact id: '76717b17573106d05ee3d82b9cb1a4d2') in 0.034119 seconds 
  Import took 0.044822 seconds .

========================================================================
Received Prepare
Cannot set VR devices because the platform passed isn't supported by Unity.
Cannot set VR devices because the platform passed isn't supported by Unity.
Cannot set VR devices because the platform passed isn't supported by Unity.
Cannot set VR devices because the platform passed isn't supported by Unity.
Cannot set VR devices because the platform passed isn't supported by Unity.
Cannot set VR devices because the platform passed isn't supported by Unity.
Cannot set VR devices because the platform passed isn't supported by Unity.
Cannot set VR devices because the platform passed isn't supported by Unity.
Cannot set VR devices because the platform passed isn't supported by Unity.
Cannot set VR devices because the platform passed isn't supported by Unity.
Cannot set VR devices because the platform passed isn't supported by Unity.
Registering precompiled user dll's ...
Registered in 0.013232 seconds.
Begin MonoManager ReloadAssembly
Native extension for WindowsStandalone target not found
Refreshing native plugins compatible for Editor in 0.87 ms, found 3 plugins.
Preloading 1 native plugins for Editor in 0.14 ms.
Mono: successfully reloaded assembly
- Completed reload, in  2.184 seconds
Domain Reload Profiling:
	ReloadAssembly (2184ms)
		BeginReloadAssembly (285ms)
			ExecutionOrderSort (0ms)
			DisableScriptedObjects (5ms)
			BackupInstance (0ms)
			ReleaseScriptingObjects (0ms)
			CreateAndSetChildDomain (81ms)
		EndReloadAssembly (1694ms)
			LoadAssemblies (284ms)
			RebuildTransferFunctionScriptingTraits (0ms)
			SetupTypeCache (556ms)
			ReleaseScriptCaches (1ms)
			RebuildScriptCaches (118ms)
			SetupLoadedEditorAssemblies (650ms)
				LogAssemblyErrors (0ms)
				InitializePlatformSupportModulesInManaged (6ms)
				SetLoadedEditorAssemblies (1ms)
				RefreshPlugins (1ms)
				BeforeProcessingInitializeOnLoad (119ms)
				ProcessInitializeOnLoadAttributes (490ms)
				ProcessInitializeOnLoadMethodAttributes (15ms)
				AfterProcessingInitializeOnLoad (17ms)
				EditorAssembliesLoaded (0ms)
			ExecutionOrderSort2 (0ms)
			AwakeInstancesAfterBackupRestoration (10ms)
Platform modules already initialized, skipping
Refreshing native plugins compatible for Editor in 0.83 ms, found 3 plugins.
Preloading 1 native plugins for Editor in 0.12 ms.
Unloading 1610 Unused Serialized files (Serialized files now loaded: 0)
System memory in use before: 95.8 MB.
System memory in use after: 95.9 MB.

Unloading 34 unused Assets to reduce memory usage. Loaded Objects now: 2170.
Total: 3.843600 ms (FindLiveObjects: 0.210000 ms CreateObjectMapping: 0.060000 ms MarkObjects: 3.539200 ms  DeleteObjects: 0.032700 ms)

AssetImportParameters requested are different than current active one (requested -> active):
  custom:framework-win-MediaFoundation: 216162199b28c13a410421893ffa2e32 -> 
  custom:video-decoder-ogg-theora: a1e56fd34408186e4bbccfd4996cb3dc -> 
  custom:container-muxer-webm: aa71ff27fc2769a1b78a27578f13a17b -> 
  custom:container-demuxer-webm: 4f35f7cbe854078d1ac9338744f61a02 -> 
  custom:container-demuxer-ogg: 62fdf1f143b41e24485cea50d1cbac27 -> 
  custom:video-encoder-webm-vp8: eb34c28f22e8b96e1ab97ce403110664 -> 
  custom:video-codec-MediaFoundation-h265: 746d11721c4dcdbdad8f713fa42b33f4 -> 
  custom:video-decoder-webm-vp8: 9c59270c3fd7afecdb556c50c9e8de78 -> 
  custom:audio-decoder-ogg-vorbis: bf7c407c2cedff20999df2af8eb42d56 -> 
  custom:audio-encoder-webm-vorbis: bf7c407c2cedff20999df2af8eb42d56 -> 
========================================================================
Received Prepare
Cannot set VR devices because the platform passed isn't supported by Unity.
Cannot set VR devices because the platform passed isn't supported by Unity.
Cannot set VR devices because the platform passed isn't supported by Unity.
Cannot set VR devices because the platform passed isn't supported by Unity.
Cannot set VR devices because the platform passed isn't supported by Unity.
Cannot set VR devices because the platform passed isn't supported by Unity.
Cannot set VR devices because the platform passed isn't supported by Unity.
Cannot set VR devices because the platform passed isn't supported by Unity.
Cannot set VR devices because the platform passed isn't supported by Unity.
Cannot set VR devices because the platform passed isn't supported by Unity.
Cannot set VR devices because the platform passed isn't supported by Unity.
Registering precompiled user dll's ...
Registered in 0.005527 seconds.
Begin MonoManager ReloadAssembly
Native extension for WindowsStandalone target not found
Refreshing native plugins compatible for Editor in 0.60 ms, found 3 plugins.
Preloading 1 native plugins for Editor in 0.11 ms.
Mono: successfully reloaded assembly
- Completed reload, in  1.086 seconds
Domain Reload Profiling:
	ReloadAssembly (1086ms)
		BeginReloadAssembly (100ms)
			ExecutionOrderSort (0ms)
			DisableScriptedObjects (4ms)
			BackupInstance (0ms)
			ReleaseScriptingObjects (0ms)
			CreateAndSetChildDomain (30ms)
		EndReloadAssembly (922ms)
			LoadAssemblies (87ms)
			RebuildTransferFunctionScriptingTraits (0ms)
			SetupTypeCache (322ms)
			ReleaseScriptCaches (1ms)
			RebuildScriptCaches (45ms)
			SetupLoadedEditorAssemblies (358ms)
				LogAssemblyErrors (0ms)
				InitializePlatformSupportModulesInManaged (4ms)
				SetLoadedEditorAssemblies (0ms)
				RefreshPlugins (1ms)
				BeforeProcessingInitializeOnLoad (93ms)
				ProcessInitializeOnLoadAttributes (237ms)
				ProcessInitializeOnLoadMethodAttributes (8ms)
				AfterProcessingInitializeOnLoad (14ms)
				EditorAssembliesLoaded (0ms)
			ExecutionOrderSort2 (0ms)
			AwakeInstancesAfterBackupRestoration (13ms)
Platform modules already initialized, skipping
Refreshing native plugins compatible for Editor in 0.60 ms, found 3 plugins.
Preloading 1 native plugins for Editor in 0.13 ms.
Unloading 1610 Unused Serialized files (Serialized files now loaded: 0)
System memory in use before: 95.8 MB.
System memory in use after: 95.9 MB.

Unloading 34 unused Assets to reduce memory usage. Loaded Objects now: 2172.
Total: 4.421100 ms (FindLiveObjects: 0.282700 ms CreateObjectMapping: 0.067200 ms MarkObjects: 4.046600 ms  DeleteObjects: 0.022900 ms)

AssetImportParameters requested are different than current active one (requested -> active):
  custom:framework-win-MediaFoundation: 216162199b28c13a410421893ffa2e32 -> 
  custom:video-decoder-ogg-theora: a1e56fd34408186e4bbccfd4996cb3dc -> 
  custom:container-muxer-webm: aa71ff27fc2769a1b78a27578f13a17b -> 
  custom:container-demuxer-webm: 4f35f7cbe854078d1ac9338744f61a02 -> 
  custom:container-demuxer-ogg: 62fdf1f143b41e24485cea50d1cbac27 -> 
  custom:video-encoder-webm-vp8: eb34c28f22e8b96e1ab97ce403110664 -> 
  custom:video-codec-MediaFoundation-h265: 746d11721c4dcdbdad8f713fa42b33f4 -> 
  custom:video-decoder-webm-vp8: 9c59270c3fd7afecdb556c50c9e8de78 -> 
  custom:audio-decoder-ogg-vorbis: bf7c407c2cedff20999df2af8eb42d56 -> 
  custom:audio-encoder-webm-vorbis: bf7c407c2cedff20999df2af8eb42d56 -> 
========================================================================
Received Import Request.
  Time since last request: 895.325492 seconds.
  path: Assets/Player.cs
  artifactKey: Guid(ec51bb58b37494080880eccf3112ff67) Importer(815301076,1909f56bfc062723c751e8b465ee728b)
Start importing Assets/Player.cs using Guid(ec51bb58b37494080880eccf3112ff67) Importer(815301076,1909f56bfc062723c751e8b465ee728b)  -> (artifact id: '0fdbdeeaaed99785918fcc9019a7dd4d') in 0.005424 seconds 
  Import took 0.008036 seconds .

========================================================================
Received Prepare
Cannot set VR devices because the platform passed isn't supported by Unity.
Cannot set VR devices because the platform passed isn't supported by Unity.
Cannot set VR devices because the platform passed isn't supported by Unity.
Cannot set VR devices because the platform passed isn't supported by Unity.
Cannot set VR devices because the platform passed isn't supported by Unity.
Cannot set VR devices because the platform passed isn't supported by Unity.
Cannot set VR devices because the platform passed isn't supported by Unity.
Cannot set VR devices because the platform passed isn't supported by Unity.
Cannot set VR devices because the platform passed isn't supported by Unity.
Cannot set VR devices because the platform passed isn't supported by Unity.
Cannot set VR devices because the platform passed isn't supported by Unity.
Registering precompiled user dll's ...
Registered in 0.006980 seconds.
Begin MonoManager ReloadAssembly
Native extension for WindowsStandalone target not found
Refreshing native plugins compatible for Editor in 0.77 ms, found 3 plugins.
Preloading 1 native plugins for Editor in 0.15 ms.
Mono: successfully reloaded assembly
- Completed reload, in  1.584 seconds
Domain Reload Profiling:
	ReloadAssembly (1584ms)
		BeginReloadAssembly (170ms)
			ExecutionOrderSort (0ms)
			DisableScriptedObjects (7ms)
			BackupInstance (0ms)
			ReleaseScriptingObjects (0ms)
			CreateAndSetChildDomain (56ms)
		EndReloadAssembly (1328ms)
			LoadAssemblies (166ms)
			RebuildTransferFunctionScriptingTraits (0ms)
			SetupTypeCache (491ms)
			ReleaseScriptCaches (2ms)
			RebuildScriptCaches (56ms)
			SetupLoadedEditorAssemblies (494ms)
				LogAssemblyErrors (0ms)
				InitializePlatformSupportModulesInManaged (6ms)
				SetLoadedEditorAssemblies (1ms)
				RefreshPlugins (1ms)
				BeforeProcessingInitializeOnLoad (131ms)
				ProcessInitializeOnLoadAttributes (332ms)
				ProcessInitializeOnLoadMethodAttributes (11ms)
				AfterProcessingInitializeOnLoad (13ms)
				EditorAssembliesLoaded (0ms)
			ExecutionOrderSort2 (0ms)
			AwakeInstancesAfterBackupRestoration (11ms)
Platform modules already initialized, skipping
Refreshing native plugins compatible for Editor in 0.77 ms, found 3 plugins.
Preloading 1 native plugins for Editor in 0.15 ms.
Unloading 1610 Unused Serialized files (Serialized files now loaded: 0)
System memory in use before: 95.8 MB.
System memory in use after: 96.0 MB.

Unloading 34 unused Assets to reduce memory usage. Loaded Objects now: 2174.
Total: 3.305000 ms (FindLiveObjects: 0.175700 ms CreateObjectMapping: 0.052400 ms MarkObjects: 3.049300 ms  DeleteObjects: 0.026200 ms)

AssetImportParameters requested are different than current active one (requested -> active):
  custom:framework-win-MediaFoundation: 216162199b28c13a410421893ffa2e32 -> 
  custom:video-decoder-ogg-theora: a1e56fd34408186e4bbccfd4996cb3dc -> 
  custom:container-muxer-webm: aa71ff27fc2769a1b78a27578f13a17b -> 
  custom:container-demuxer-webm: 4f35f7cbe854078d1ac9338744f61a02 -> 
  custom:container-demuxer-ogg: 62fdf1f143b41e24485cea50d1cbac27 -> 
  custom:video-encoder-webm-vp8: eb34c28f22e8b96e1ab97ce403110664 -> 
  custom:video-codec-MediaFoundation-h265: 746d11721c4dcdbdad8f713fa42b33f4 -> 
  custom:video-decoder-webm-vp8: 9c59270c3fd7afecdb556c50c9e8de78 -> 
  custom:audio-decoder-ogg-vorbis: bf7c407c2cedff20999df2af8eb42d56 -> 
  custom:audio-encoder-webm-vorbis: bf7c407c2cedff20999df2af8eb42d56 -> 
========================================================================
Received Prepare
Cannot set VR devices because the platform passed isn't supported by Unity.
Cannot set VR devices because the platform passed isn't supported by Unity.
Cannot set VR devices because the platform passed isn't supported by Unity.
Cannot set VR devices because the platform passed isn't supported by Unity.
Cannot set VR devices because the platform passed isn't supported by Unity.
Cannot set VR devices because the platform passed isn't supported by Unity.
Cannot set VR devices because the platform passed isn't supported by Unity.
Cannot set VR devices because the platform passed isn't supported by Unity.
Cannot set VR devices because the platform passed isn't supported by Unity.
Cannot set VR devices because the platform passed isn't supported by Unity.
Cannot set VR devices because the platform passed isn't supported by Unity.
Registering precompiled user dll's ...
Registered in 0.005255 seconds.
Begin MonoManager ReloadAssembly
Native extension for WindowsStandalone target not found
Refreshing native plugins compatible for Editor in 0.57 ms, found 3 plugins.
Preloading 1 native plugins for Editor in 0.12 ms.
Mono: successfully reloaded assembly
- Completed reload, in  0.881 seconds
Domain Reload Profiling:
	ReloadAssembly (882ms)
		BeginReloadAssembly (118ms)
			ExecutionOrderSort (0ms)
			DisableScriptedObjects (4ms)
			BackupInstance (0ms)
			ReleaseScriptingObjects (0ms)
			CreateAndSetChildDomain (32ms)
		EndReloadAssembly (707ms)
			LoadAssemblies (77ms)
			RebuildTransferFunctionScriptingTraits (0ms)
			SetupTypeCache (247ms)
			ReleaseScriptCaches (1ms)
			RebuildScriptCaches (39ms)
			SetupLoadedEditorAssemblies (260ms)
				LogAssemblyErrors (0ms)
				InitializePlatformSupportModulesInManaged (4ms)
				SetLoadedEditorAssemblies (0ms)
				RefreshPlugins (1ms)
				BeforeProcessingInitializeOnLoad (76ms)
				ProcessInitializeOnLoadAttributes (165ms)
				ProcessInitializeOnLoadMethodAttributes (8ms)
				AfterProcessingInitializeOnLoad (6ms)
				EditorAssembliesLoaded (0ms)
			ExecutionOrderSort2 (0ms)
			AwakeInstancesAfterBackupRestoration (5ms)
Platform modules already initialized, skipping
Refreshing native plugins compatible for Editor in 0.60 ms, found 3 plugins.
Preloading 1 native plugins for Editor in 0.09 ms.
Unloading 1610 Unused Serialized files (Serialized files now loaded: 0)
System memory in use before: 95.9 MB.
System memory in use after: 96.0 MB.

Unloading 34 unused Assets to reduce memory usage. Loaded Objects now: 2176.
Total: 3.320900 ms (FindLiveObjects: 0.207800 ms CreateObjectMapping: 0.068700 ms MarkObjects: 3.016400 ms  DeleteObjects: 0.025800 ms)

AssetImportParameters requested are different than current active one (requested -> active):
  custom:framework-win-MediaFoundation: 216162199b28c13a410421893ffa2e32 -> 
  custom:video-decoder-ogg-theora: a1e56fd34408186e4bbccfd4996cb3dc -> 
  custom:container-muxer-webm: aa71ff27fc2769a1b78a27578f13a17b -> 
  custom:container-demuxer-webm: 4f35f7cbe854078d1ac9338744f61a02 -> 
  custom:container-demuxer-ogg: 62fdf1f143b41e24485cea50d1cbac27 -> 
  custom:video-encoder-webm-vp8: eb34c28f22e8b96e1ab97ce403110664 -> 
  custom:video-codec-MediaFoundation-h265: 746d11721c4dcdbdad8f713fa42b33f4 -> 
  custom:video-decoder-webm-vp8: 9c59270c3fd7afecdb556c50c9e8de78 -> 
  custom:audio-decoder-ogg-vorbis: bf7c407c2cedff20999df2af8eb42d56 -> 
  custom:audio-encoder-webm-vorbis: bf7c407c2cedff20999df2af8eb42d56 -> 
========================================================================
Received Prepare
Cannot set VR devices because the platform passed isn't supported by Unity.
Cannot set VR devices because the platform passed isn't supported by Unity.
Cannot set VR devices because the platform passed isn't supported by Unity.
Cannot set VR devices because the platform passed isn't supported by Unity.
Cannot set VR devices because the platform passed isn't supported by Unity.
Cannot set VR devices because the platform passed isn't supported by Unity.
Cannot set VR devices because the platform passed isn't supported by Unity.
Cannot set VR devices because the platform passed isn't supported by Unity.
Cannot set VR devices because the platform passed isn't supported by Unity.
Cannot set VR devices because the platform passed isn't supported by Unity.
Cannot set VR devices because the platform passed isn't supported by Unity.
Registering precompiled user dll's ...
Registered in 0.004601 seconds.
Begin MonoManager ReloadAssembly
Native extension for WindowsStandalone target not found
Refreshing native plugins compatible for Editor in 1.92 ms, found 3 plugins.
Preloading 1 native plugins for Editor in 0.25 ms.
Mono: successfully reloaded assembly
- Completed reload, in  1.292 seconds
Domain Reload Profiling:
	ReloadAssembly (1293ms)
		BeginReloadAssembly (109ms)
			ExecutionOrderSort (0ms)
			DisableScriptedObjects (4ms)
			BackupInstance (0ms)
			ReleaseScriptingObjects (0ms)
			CreateAndSetChildDomain (38ms)
		EndReloadAssembly (1127ms)
			LoadAssemblies (79ms)
			RebuildTransferFunctionScriptingTraits (0ms)
			SetupTypeCache (304ms)
			ReleaseScriptCaches (1ms)
			RebuildScriptCaches (106ms)
			SetupLoadedEditorAssemblies (421ms)
				LogAssemblyErrors (0ms)
				InitializePlatformSupportModulesInManaged (18ms)
				SetLoadedEditorAssemblies (2ms)
				RefreshPlugins (2ms)
				BeforeProcessingInitializeOnLoad (156ms)
				ProcessInitializeOnLoadAttributes (226ms)
				ProcessInitializeOnLoadMethodAttributes (10ms)
				AfterProcessingInitializeOnLoad (6ms)
				EditorAssembliesLoaded (0ms)
			ExecutionOrderSort2 (0ms)
			AwakeInstancesAfterBackupRestoration (7ms)
Platform modules already initialized, skipping
Refreshing native plugins compatible for Editor in 0.60 ms, found 3 plugins.
Preloading 1 native plugins for Editor in 0.09 ms.
Unloading 1612 Unused Serialized files (Serialized files now loaded: 0)
System memory in use before: 95.9 MB.
System memory in use after: 96.0 MB.

Unloading 34 unused Assets to reduce memory usage. Loaded Objects now: 2180.
Total: 2.787100 ms (FindLiveObjects: 0.194500 ms CreateObjectMapping: 0.061700 ms MarkObjects: 2.502200 ms  DeleteObjects: 0.027300 ms)

AssetImportParameters requested are different than current active one (requested -> active):
  custom:framework-win-MediaFoundation: 216162199b28c13a410421893ffa2e32 -> 
  custom:video-decoder-ogg-theora: a1e56fd34408186e4bbccfd4996cb3dc -> 
  custom:container-muxer-webm: aa71ff27fc2769a1b78a27578f13a17b -> 
  custom:container-demuxer-webm: 4f35f7cbe854078d1ac9338744f61a02 -> 
  custom:container-demuxer-ogg: 62fdf1f143b41e24485cea50d1cbac27 -> 
  custom:video-encoder-webm-vp8: eb34c28f22e8b96e1ab97ce403110664 -> 
  custom:video-codec-MediaFoundation-h265: 746d11721c4dcdbdad8f713fa42b33f4 -> 
  custom:video-decoder-webm-vp8: 9c59270c3fd7afecdb556c50c9e8de78 -> 
  custom:audio-decoder-ogg-vorbis: bf7c407c2cedff20999df2af8eb42d56 -> 
  custom:audio-encoder-webm-vorbis: bf7c407c2cedff20999df2af8eb42d56 -> 
========================================================================
Received Import Request.
  Time since last request: 1598.529143 seconds.
  path: Assets/sleepers
  artifactKey: Guid(6dd385065f1858f4aa912acb27c9db23) Importer(815301076,1909f56bfc062723c751e8b465ee728b)
Start importing Assets/sleepers using Guid(6dd385065f1858f4aa912acb27c9db23) Importer(815301076,1909f56bfc062723c751e8b465ee728b)  -> (artifact id: 'fba6721475882532fef19b52f7c80885') in 0.006922 seconds 
  Import took 0.010583 seconds .

========================================================================
Received Import Request.
  Time since last request: 1.679380 seconds.
  path: Assets/sleepers/Demo.unity
  artifactKey: Guid(c63e246f6064bc34393c471d9ed9c71d) Importer(815301076,1909f56bfc062723c751e8b465ee728b)
Start importing Assets/sleepers/Demo.unity using Guid(c63e246f6064bc34393c471d9ed9c71d) Importer(815301076,1909f56bfc062723c751e8b465ee728b)  -> (artifact id: 'edcd584bb5255e86c8a14739ef018a8a') in 0.137112 seconds 
  Import took 0.144352 seconds .

========================================================================
Received Prepare
Cannot set VR devices because the platform passed isn't supported by Unity.
Cannot set VR devices because the platform passed isn't supported by Unity.
Cannot set VR devices because the platform passed isn't supported by Unity.
Cannot set VR devices because the platform passed isn't supported by Unity.
Cannot set VR devices because the platform passed isn't supported by Unity.
Cannot set VR devices because the platform passed isn't supported by Unity.
Cannot set VR devices because the platform passed isn't supported by Unity.
Cannot set VR devices because the platform passed isn't supported by Unity.
Cannot set VR devices because the platform passed isn't supported by Unity.
Cannot set VR devices because the platform passed isn't supported by Unity.
Cannot set VR devices because the platform passed isn't supported by Unity.
Registering precompiled user dll's ...
Registered in 0.010615 seconds.
Begin MonoManager ReloadAssembly
Native extension for WindowsStandalone target not found
Refreshing native plugins compatible for Editor in 0.78 ms, found 3 plugins.
Preloading 1 native plugins for Editor in 0.14 ms.
Mono: successfully reloaded assembly
- Completed reload, in  1.541 seconds
Domain Reload Profiling:
	ReloadAssembly (1542ms)
		BeginReloadAssembly (155ms)
			ExecutionOrderSort (0ms)
			DisableScriptedObjects (6ms)
			BackupInstance (0ms)
			ReleaseScriptingObjects (0ms)
			CreateAndSetChildDomain (53ms)
		EndReloadAssembly (1299ms)
			LoadAssemblies (117ms)
			RebuildTransferFunctionScriptingTraits (0ms)
			SetupTypeCache (445ms)
			ReleaseScriptCaches (1ms)
			RebuildScriptCaches (55ms)
			SetupLoadedEditorAssemblies (507ms)
				LogAssemblyErrors (0ms)
				InitializePlatformSupportModulesInManaged (5ms)
				SetLoadedEditorAssemblies (1ms)
				RefreshPlugins (1ms)
				BeforeProcessingInitializeOnLoad (117ms)
				ProcessInitializeOnLoadAttributes (354ms)
				ProcessInitializeOnLoadMethodAttributes (17ms)
				AfterProcessingInitializeOnLoad (12ms)
				EditorAssembliesLoaded (0ms)
			ExecutionOrderSort2 (0ms)
			AwakeInstancesAfterBackupRestoration (15ms)
Platform modules already initialized, skipping
Refreshing native plugins compatible for Editor in 0.90 ms, found 3 plugins.
Preloading 1 native plugins for Editor in 0.15 ms.
Unloading 1612 Unused Serialized files (Serialized files now loaded: 0)
System memory in use before: 95.9 MB.
System memory in use after: 96.0 MB.

Unloading 34 unused Assets to reduce memory usage. Loaded Objects now: 2182.
Total: 6.086600 ms (FindLiveObjects: 0.582700 ms CreateObjectMapping: 0.275200 ms MarkObjects: 5.188600 ms  DeleteObjects: 0.037700 ms)

AssetImportParameters requested are different than current active one (requested -> active):
  custom:framework-win-MediaFoundation: 216162199b28c13a410421893ffa2e32 -> 
  custom:video-decoder-ogg-theora: a1e56fd34408186e4bbccfd4996cb3dc -> 
  custom:container-muxer-webm: aa71ff27fc2769a1b78a27578f13a17b -> 
  custom:container-demuxer-webm: 4f35f7cbe854078d1ac9338744f61a02 -> 
  custom:container-demuxer-ogg: 62fdf1f143b41e24485cea50d1cbac27 -> 
  custom:video-encoder-webm-vp8: eb34c28f22e8b96e1ab97ce403110664 -> 
  custom:video-codec-MediaFoundation-h265: 746d11721c4dcdbdad8f713fa42b33f4 -> 
  custom:video-decoder-webm-vp8: 9c59270c3fd7afecdb556c50c9e8de78 -> 
  custom:audio-decoder-ogg-vorbis: bf7c407c2cedff20999df2af8eb42d56 -> 
  custom:audio-encoder-webm-vorbis: bf7c407c2cedff20999df2af8eb42d56 -> 
========================================================================
Received Prepare
Cannot set VR devices because the platform passed isn't supported by Unity.
Cannot set VR devices because the platform passed isn't supported by Unity.
Cannot set VR devices because the platform passed isn't supported by Unity.
Cannot set VR devices because the platform passed isn't supported by Unity.
Cannot set VR devices because the platform passed isn't supported by Unity.
Cannot set VR devices because the platform passed isn't supported by Unity.
Cannot set VR devices because the platform passed isn't supported by Unity.
Cannot set VR devices because the platform passed isn't supported by Unity.
Cannot set VR devices because the platform passed isn't supported by Unity.
Cannot set VR devices because the platform passed isn't supported by Unity.
Cannot set VR devices because the platform passed isn't supported by Unity.
Registering precompiled user dll's ...
Registered in 0.016822 seconds.
Begin MonoManager ReloadAssembly
Native extension for WindowsStandalone target not found
Refreshing native plugins compatible for Editor in 1.15 ms, found 3 plugins.
Preloading 1 native plugins for Editor in 0.22 ms.
Mono: successfully reloaded assembly
- Completed reload, in  2.427 seconds
Domain Reload Profiling:
	ReloadAssembly (2428ms)
		BeginReloadAssembly (302ms)
			ExecutionOrderSort (0ms)
			DisableScriptedObjects (14ms)
			BackupInstance (0ms)
			ReleaseScriptingObjects (0ms)
			CreateAndSetChildDomain (84ms)
		EndReloadAssembly (1939ms)
			LoadAssemblies (211ms)
			RebuildTransferFunctionScriptingTraits (0ms)
			SetupTypeCache (556ms)
			ReleaseScriptCaches (2ms)
			RebuildScriptCaches (128ms)
			SetupLoadedEditorAssemblies (831ms)
				LogAssemblyErrors (0ms)
				InitializePlatformSupportModulesInManaged (7ms)
				SetLoadedEditorAssemblies (1ms)
				RefreshPlugins (2ms)
				BeforeProcessingInitializeOnLoad (206ms)
				ProcessInitializeOnLoadAttributes (561ms)
				ProcessInitializeOnLoadMethodAttributes (31ms)
				AfterProcessingInitializeOnLoad (23ms)
				EditorAssembliesLoaded (0ms)
			ExecutionOrderSort2 (0ms)
			AwakeInstancesAfterBackupRestoration (10ms)
Platform modules already initialized, skipping
Refreshing native plugins compatible for Editor in 1.51 ms, found 3 plugins.
Preloading 1 native plugins for Editor in 0.15 ms.
Unloading 1612 Unused Serialized files (Serialized files now loaded: 0)
System memory in use before: 95.9 MB.
System memory in use after: 96.1 MB.

Unloading 34 unused Assets to reduce memory usage. Loaded Objects now: 2184.
Total: 4.042500 ms (FindLiveObjects: 0.211400 ms CreateObjectMapping: 0.063200 ms MarkObjects: 3.731000 ms  DeleteObjects: 0.035400 ms)

AssetImportParameters requested are different than current active one (requested -> active):
  custom:framework-win-MediaFoundation: 216162199b28c13a410421893ffa2e32 -> 
  custom:video-decoder-ogg-theora: a1e56fd34408186e4bbccfd4996cb3dc -> 
  custom:container-muxer-webm: aa71ff27fc2769a1b78a27578f13a17b -> 
  custom:container-demuxer-webm: 4f35f7cbe854078d1ac9338744f61a02 -> 
  custom:container-demuxer-ogg: 62fdf1f143b41e24485cea50d1cbac27 -> 
  custom:video-encoder-webm-vp8: eb34c28f22e8b96e1ab97ce403110664 -> 
  custom:video-codec-MediaFoundation-h265: 746d11721c4dcdbdad8f713fa42b33f4 -> 
  custom:video-decoder-webm-vp8: 9c59270c3fd7afecdb556c50c9e8de78 -> 
  custom:audio-decoder-ogg-vorbis: bf7c407c2cedff20999df2af8eb42d56 -> 
  custom:audio-encoder-webm-vorbis: bf7c407c2cedff20999df2af8eb42d56 -> 
========================================================================
Received Prepare
Cannot set VR devices because the platform passed isn't supported by Unity.
Cannot set VR devices because the platform passed isn't supported by Unity.
Cannot set VR devices because the platform passed isn't supported by Unity.
Cannot set VR devices because the platform passed isn't supported by Unity.
Cannot set VR devices because the platform passed isn't supported by Unity.
Cannot set VR devices because the platform passed isn't supported by Unity.
Cannot set VR devices because the platform passed isn't supported by Unity.
Cannot set VR devices because the platform passed isn't supported by Unity.
Cannot set VR devices because the platform passed isn't supported by Unity.
Cannot set VR devices because the platform passed isn't supported by Unity.
Cannot set VR devices because the platform passed isn't supported by Unity.
Registering precompiled user dll's ...
Registered in 0.007184 seconds.
Begin MonoManager ReloadAssembly
Native extension for WindowsStandalone target not found
Refreshing native plugins compatible for Editor in 0.96 ms, found 3 plugins.
Preloading 1 native plugins for Editor in 0.18 ms.
Mono: successfully reloaded assembly
- Completed reload, in  2.351 seconds
Domain Reload Profiling:
	ReloadAssembly (2352ms)
		BeginReloadAssembly (165ms)
			ExecutionOrderSort (0ms)
			DisableScriptedObjects (5ms)
			BackupInstance (0ms)
			ReleaseScriptingObjects (0ms)
			CreateAndSetChildDomain (49ms)
		EndReloadAssembly (1988ms)
			LoadAssemblies (203ms)
			RebuildTransferFunctionScriptingTraits (0ms)
			SetupTypeCache (591ms)
			ReleaseScriptCaches (2ms)
			RebuildScriptCaches (108ms)
			SetupLoadedEditorAssemblies (894ms)
				LogAssemblyErrors (0ms)
				InitializePlatformSupportModulesInManaged (8ms)
				SetLoadedEditorAssemblies (1ms)
				RefreshPlugins (1ms)
				BeforeProcessingInitializeOnLoad (223ms)
				ProcessInitializeOnLoadAttributes (596ms)
				ProcessInitializeOnLoadMethodAttributes (38ms)
				AfterProcessingInitializeOnLoad (28ms)
				EditorAssembliesLoaded (1ms)
			ExecutionOrderSort2 (0ms)
			AwakeInstancesAfterBackupRestoration (14ms)
Platform modules already initialized, skipping
Refreshing native plugins compatible for Editor in 1.27 ms, found 3 plugins.
Preloading 1 native plugins for Editor in 0.25 ms.
Unloading 1612 Unused Serialized files (Serialized files now loaded: 0)
System memory in use before: 95.9 MB.
System memory in use after: 96.1 MB.

Unloading 34 unused Assets to reduce memory usage. Loaded Objects now: 2186.
Total: 4.567300 ms (FindLiveObjects: 0.300800 ms CreateObjectMapping: 0.068700 ms MarkObjects: 4.160000 ms  DeleteObjects: 0.036400 ms)

AssetImportParameters requested are different than current active one (requested -> active):
  custom:framework-win-MediaFoundation: 216162199b28c13a410421893ffa2e32 -> 
  custom:video-decoder-ogg-theora: a1e56fd34408186e4bbccfd4996cb3dc -> 
  custom:container-muxer-webm: aa71ff27fc2769a1b78a27578f13a17b -> 
  custom:container-demuxer-webm: 4f35f7cbe854078d1ac9338744f61a02 -> 
  custom:container-demuxer-ogg: 62fdf1f143b41e24485cea50d1cbac27 -> 
  custom:video-encoder-webm-vp8: eb34c28f22e8b96e1ab97ce403110664 -> 
  custom:video-codec-MediaFoundation-h265: 746d11721c4dcdbdad8f713fa42b33f4 -> 
  custom:video-decoder-webm-vp8: 9c59270c3fd7afecdb556c50c9e8de78 -> 
  custom:audio-decoder-ogg-vorbis: bf7c407c2cedff20999df2af8eb42d56 -> 
  custom:audio-encoder-webm-vorbis: bf7c407c2cedff20999df2af8eb42d56 -> 
AssetImportWorkerClient::OnTransportError - code=2 error=End of file
